<?xml version="1.0" encoding="UTF-8"?>
<robot generator="Robot 5.0.1 (Python 3.10.5 on win32)" generated="20220728 15:08:19.836" rpa="false" schemaversion="3">
<suite id="s1" name="CheckHomePage" source="D:\Python\Robot\Projects\Tests\HomePage\CheckHomePage.robot">
<test id="s1-t1" name="Search Item And Add To The Cart" line="10">
<kw name="Open Ebay Home Page" library="HomePageKeywords" type="SETUP">
<kw name="Open Browser" library="Selenium2Library">
<arg>${URL}</arg>
<arg>Chrome</arg>
<arg>options=add_argument("--disable-site-isolation-trials")</arg>
<doc>Opens a new browser instance to the optional ``url``.</doc>
<msg timestamp="20220728 15:08:20.544" level="INFO">Opening browser 'Chrome' to base url 'https://www.ebay.com/'.</msg>
<status status="PASS" starttime="20220728 15:08:20.543" endtime="20220728 15:08:24.877"/>
</kw>
<kw name="Sleep" library="BuiltIn">
<arg>2s</arg>
<doc>Pauses the test executed for the given time.</doc>
<msg timestamp="20220728 15:08:26.890" level="INFO">Slept 2 seconds</msg>
<status status="PASS" starttime="20220728 15:08:24.877" endtime="20220728 15:08:26.890"/>
</kw>
<kw name="Maximize Browser Window" library="Selenium2Library">
<doc>Maximizes current browser window.</doc>
<status status="PASS" starttime="20220728 15:08:26.890" endtime="20220728 15:08:27.047"/>
</kw>
<status status="PASS" starttime="20220728 15:08:20.542" endtime="20220728 15:08:27.048"/>
</kw>
<kw name="Search For Item" library="HomePageKeywords">
<kw name="Input Text" library="Selenium2Library">
<arg>${InputText}</arg>
<arg>${SearchText}</arg>
<doc>Types the given ``text`` into the text field identified by ``locator``.</doc>
<msg timestamp="20220728 15:08:27.056" level="INFO">Typing text 'Sneaker' into text field '//input[@class='gh-tb ui-autocomplete-input']'.</msg>
<status status="PASS" starttime="20220728 15:08:27.055" endtime="20220728 15:08:27.252"/>
</kw>
<kw name="Press Keys" library="Selenium2Library">
<arg>NONE</arg>
<arg>RETURN</arg>
<doc>Simulates the user pressing key(s) to an element or on the active browser.</doc>
<msg timestamp="20220728 15:08:27.253" level="INFO">Sending key(s) ('RETURN',) to page.</msg>
<msg timestamp="20220728 15:08:27.253" level="INFO">Pressing special key RETURN to browser.</msg>
<msg timestamp="20220728 15:08:27.253" level="INFO">Releasing special key RETURN.</msg>
<status status="PASS" starttime="20220728 15:08:27.252" endtime="20220728 15:08:30.372"/>
</kw>
<kw name="Sleep" library="BuiltIn">
<arg>2s</arg>
<doc>Pauses the test executed for the given time.</doc>
<msg timestamp="20220728 15:08:32.372" level="INFO">Slept 2 seconds</msg>
<status status="PASS" starttime="20220728 15:08:30.372" endtime="20220728 15:08:32.372"/>
</kw>
<status status="PASS" starttime="20220728 15:08:27.054" endtime="20220728 15:08:32.372"/>
</kw>
<kw name="Choose Gender" library="HomePageKeywords">
<arg>Women</arg>
<kw name="Click Element" library="Selenium2Library">
<arg>//span[text()='${Gender}']</arg>
<doc>Click the element identified by ``locator``.</doc>
<msg timestamp="20220728 15:08:32.374" level="INFO">Clicking element '//span[text()='Women']'.</msg>
<status status="PASS" starttime="20220728 15:08:32.374" endtime="20220728 15:08:34.355"/>
</kw>
<kw name="Sleep" library="BuiltIn">
<arg>2s</arg>
<doc>Pauses the test executed for the given time.</doc>
<msg timestamp="20220728 15:08:36.359" level="INFO">Slept 2 seconds</msg>
<status status="PASS" starttime="20220728 15:08:34.355" endtime="20220728 15:08:36.359"/>
</kw>
<status status="PASS" starttime="20220728 15:08:32.373" endtime="20220728 15:08:36.359"/>
</kw>
<kw name="Choose Condition Of Item" library="HomePageKeywords">
<arg>Condition</arg>
<arg>New with tags</arg>
<kw name="Wait Until Page Contains Element" library="Selenium2Library">
<arg>//span[@class= 'filter-menu-button__button-text' and text()='${Conditions}']</arg>
<doc>Waits until the element ``locator`` appears on the current page.</doc>
<status status="PASS" starttime="20220728 15:08:36.362" endtime="20220728 15:08:36.410"/>
</kw>
<kw name="Click Element" library="Selenium2Library">
<arg>//span[@class= 'filter-menu-button__button-text' and text()='${Conditions}']</arg>
<doc>Click the element identified by ``locator``.</doc>
<msg timestamp="20220728 15:08:36.411" level="INFO">Clicking element '//span[@class= 'filter-menu-button__button-text' and text()='Condition']'.</msg>
<status status="PASS" starttime="20220728 15:08:36.410" endtime="20220728 15:08:36.475"/>
</kw>
<kw name="Sleep" library="BuiltIn">
<arg>2s</arg>
<doc>Pauses the test executed for the given time.</doc>
<msg timestamp="20220728 15:08:38.476" level="INFO">Slept 2 seconds</msg>
<status status="PASS" starttime="20220728 15:08:36.475" endtime="20220728 15:08:38.476"/>
</kw>
<kw name="Click Element" library="Selenium2Library">
<arg>//span[@class= 'filter-menu-button__text' and text()='${ConditionType}']</arg>
<doc>Click the element identified by ``locator``.</doc>
<msg timestamp="20220728 15:08:38.477" level="INFO">Clicking element '//span[@class= 'filter-menu-button__text' and text()='New with tags']'.</msg>
<status status="PASS" starttime="20220728 15:08:38.476" endtime="20220728 15:08:40.398"/>
</kw>
<kw name="Sleep" library="BuiltIn">
<arg>2s</arg>
<doc>Pauses the test executed for the given time.</doc>
<msg timestamp="20220728 15:08:42.409" level="INFO">Slept 2 seconds</msg>
<status status="PASS" starttime="20220728 15:08:40.399" endtime="20220728 15:08:42.409"/>
</kw>
<status status="PASS" starttime="20220728 15:08:36.361" endtime="20220728 15:08:42.410"/>
</kw>
<kw name="Filter Price Of Item" library="HomePageKeywords">
<arg>Best Match</arg>
<arg>Price + Shipping: highest first</arg>
<kw name="Click Element" library="Selenium2Library">
<arg>//span[text()='${BestMatch}']</arg>
<doc>Click the element identified by ``locator``.</doc>
<msg timestamp="20220728 15:08:42.411" level="INFO">Clicking element '//span[text()='Best Match']'.</msg>
<status status="PASS" starttime="20220728 15:08:42.411" endtime="20220728 15:08:42.509"/>
</kw>
<kw name="Sleep" library="BuiltIn">
<arg>2s</arg>
<doc>Pauses the test executed for the given time.</doc>
<msg timestamp="20220728 15:08:44.519" level="INFO">Slept 2 seconds</msg>
<status status="PASS" starttime="20220728 15:08:42.510" endtime="20220728 15:08:44.519"/>
</kw>
<kw name="Click Element" library="Selenium2Library">
<arg>//a[@class='fake-menu-button__item']/span[text()='${ChooseType}']</arg>
<doc>Click the element identified by ``locator``.</doc>
<msg timestamp="20220728 15:08:44.519" level="INFO">Clicking element '//a[@class='fake-menu-button__item']/span[text()='Price + Shipping: highest first']'.</msg>
<status status="PASS" starttime="20220728 15:08:44.519" endtime="20220728 15:08:46.216"/>
</kw>
<kw name="Sleep" library="BuiltIn">
<arg>2s</arg>
<doc>Pauses the test executed for the given time.</doc>
<msg timestamp="20220728 15:08:48.232" level="INFO">Slept 2 seconds</msg>
<status status="PASS" starttime="20220728 15:08:46.217" endtime="20220728 15:08:48.232"/>
</kw>
<status status="PASS" starttime="20220728 15:08:42.410" endtime="20220728 15:08:48.232"/>
</kw>
<kw name="Display Choosed Item" library="HomePageKeywords">
<kw name="Click Element" library="Selenium2Library">
<arg>${PriceSneaker}</arg>
<doc>Click the element identified by ``locator``.</doc>
<msg timestamp="20220728 15:08:48.234" level="INFO">Clicking element '(//ul[@class='srp-results srp-grid clearfix']//div[@class='s-item__image'])[1]//img[@class='s-item__image-img']'.</msg>
<status status="PASS" starttime="20220728 15:08:48.234" endtime="20220728 15:08:48.524"/>
</kw>
<kw name="Sleep" library="BuiltIn">
<arg>2s</arg>
<doc>Pauses the test executed for the given time.</doc>
<msg timestamp="20220728 15:08:50.536" level="INFO">Slept 2 seconds</msg>
<status status="PASS" starttime="20220728 15:08:48.524" endtime="20220728 15:08:50.536"/>
</kw>
<status status="PASS" starttime="20220728 15:08:48.233" endtime="20220728 15:08:50.537"/>
</kw>
<kw name="Add Item To The Cart" library="HomePageKeywords">
<kw name="Switch Window" library="Selenium2Library">
<arg>NEW</arg>
<doc>Switches to browser window matching ``locator``.</doc>
<status status="PASS" starttime="20220728 15:08:50.542" endtime="20220728 15:08:50.562"/>
</kw>
<kw name="Sleep" library="BuiltIn">
<arg>15s</arg>
<doc>Pauses the test executed for the given time.</doc>
<msg timestamp="20220728 15:09:05.575" level="INFO">Slept 15 seconds</msg>
<status status="PASS" starttime="20220728 15:08:50.562" endtime="20220728 15:09:05.575"/>
</kw>
<kw name="Click Element" library="Selenium2Library">
<arg>${AddToCart}</arg>
<doc>Click the element identified by ``locator``.</doc>
<msg timestamp="20220728 15:09:05.576" level="INFO">Clicking element '//*[@class='u-cb  ']/span[not(starts-with(@style,'display:'))]/a'.</msg>
<status status="PASS" starttime="20220728 15:09:05.575" endtime="20220728 15:09:08.482"/>
</kw>
<kw name="Sleep" library="BuiltIn">
<arg>2s</arg>
<doc>Pauses the test executed for the given time.</doc>
<msg timestamp="20220728 15:09:10.488" level="INFO">Slept 2 seconds</msg>
<status status="PASS" starttime="20220728 15:09:08.483" endtime="20220728 15:09:10.489"/>
</kw>
<status status="PASS" starttime="20220728 15:08:50.539" endtime="20220728 15:09:10.489"/>
</kw>
<kw name="Close All Browsers" library="Selenium2Library" type="TEARDOWN">
<doc>Closes all open browsers and resets the browser cache.</doc>
<status status="PASS" starttime="20220728 15:09:10.491" endtime="20220728 15:09:13.362"/>
</kw>
<tag>test1</tag>
<status status="PASS" starttime="20220728 15:08:20.541" endtime="20220728 15:09:13.364"/>
</test>
<status status="PASS" starttime="20220728 15:08:19.839" endtime="20220728 15:09:13.371"/>
</suite>
<statistics>
<total>
<stat pass="1" fail="0" skip="0">All Tests</stat>
</total>
<tag>
<stat pass="1" fail="0" skip="0">test1</stat>
</tag>
<suite>
<stat pass="1" fail="0" skip="0" id="s1" name="CheckHomePage">CheckHomePage</stat>
</suite>
</statistics>
<errors>
</errors>
</robot>
