<?xml version="1.0" encoding="UTF-8"?>
<robot generator="Robot 5.0.1 (Python 3.10.5 on win32)" generated="20220802 23:14:55.352" rpa="false" schemaversion="3">
<suite id="s1" name="CheckSearchPage" source="C:\Users\84329\Documents\GitHub\Ebay-Auto-Test\Projects\Tests\SearchPage\CheckSearchPage.robot">
<test id="s1-t1" name="Successfully Access Right Search Page Each Catgory" line="41">
<kw name="Open Ebay Home Page" library="keywords" type="SETUP">
<kw name="Open Browser" library="Selenium2Library">
<arg>${URL}</arg>
<arg>Chrome</arg>
<arg>options=add_argument("--disable-site-isolation-trials")</arg>
<doc>Opens a new browser instance to the optional ``url``.</doc>
<msg timestamp="20220802 23:14:55.661" level="INFO">Opening browser 'Chrome' to base url 'https://www.ebay.com/'.</msg>
<status status="PASS" starttime="20220802 23:14:55.660" endtime="20220802 23:14:59.130"/>
</kw>
<kw name="Sleep" library="BuiltIn">
<arg>1s</arg>
<doc>Pauses the test executed for the given time.</doc>
<msg timestamp="20220802 23:15:00.143" level="INFO">Slept 1 second</msg>
<status status="PASS" starttime="20220802 23:14:59.131" endtime="20220802 23:15:00.143"/>
</kw>
<kw name="Maximize Browser Window" library="Selenium2Library">
<doc>Maximizes current browser window.</doc>
<status status="PASS" starttime="20220802 23:15:00.143" endtime="20220802 23:15:00.936"/>
</kw>
<status status="PASS" starttime="20220802 23:14:55.660" endtime="20220802 23:15:00.937"/>
</kw>
<kw name="Verify Each Category On Search Page" library="keywords">
<kw name="Get WebElements" library="Selenium2Library">
<var>${allCatgory}</var>
<arg>${AllCategory}</arg>
<doc>Returns a list of WebElement objects matching the ``locator``.</doc>
<msg timestamp="20220802 23:15:01.006" level="INFO">${allCatgory} = [&lt;selenium.webdriver.remote.webelement.WebElement (session="08223fbac7edabd1a7b0d3780e13a0f1", element="3ce362cd-2865-4c56-9dd6-9f6d4261e13c")&gt;, &lt;selenium.webdriver.remote.webelement.WebElement (sessi...</msg>
<status status="PASS" starttime="20220802 23:15:00.943" endtime="20220802 23:15:01.007"/>
</kw>
<for flavor="IN">
<var>${category}</var>
<value>@{allCatgory}</value>
<iter>
<var name="${category}">&lt;selenium.webdriver.remote.webelement.WebElement (session="08223fbac7edabd1a7b0d3780e13a0f1", element="3ce362cd-2865-4c56-9dd6-9f6d4261e13c")&gt;</var>
<kw name="Click Element" library="Selenium2Library">
<arg>//*[@id='gh-cat-box']</arg>
<doc>Click the element identified by ``locator``.</doc>
<msg timestamp="20220802 23:15:01.008" level="INFO">Clicking element '//*[@id='gh-cat-box']'.</msg>
<status status="PASS" starttime="20220802 23:15:01.008" endtime="20220802 23:15:01.208"/>
</kw>
<kw name="Sleep" library="BuiltIn">
<arg>1s</arg>
<doc>Pauses the test executed for the given time.</doc>
<msg timestamp="20220802 23:15:02.225" level="INFO">Slept 1 second</msg>
<status status="PASS" starttime="20220802 23:15:01.209" endtime="20220802 23:15:02.225"/>
</kw>
<kw name="Click Element" library="Selenium2Library">
<arg>${category}</arg>
<doc>Click the element identified by ``locator``.</doc>
<msg timestamp="20220802 23:15:02.226" level="INFO">Clicking element '&lt;selenium.webdriver.remote.webelement.WebElement (session="08223fbac7edabd1a7b0d3780e13a0f1", element="3ce362cd-2865-4c56-9dd6-9f6d4261e13c")&gt;'.</msg>
<status status="PASS" starttime="20220802 23:15:02.225" endtime="20220802 23:15:03.081"/>
</kw>
<kw name="Sleep" library="BuiltIn">
<arg>1s</arg>
<doc>Pauses the test executed for the given time.</doc>
<msg timestamp="20220802 23:15:04.093" level="INFO">Slept 1 second</msg>
<status status="PASS" starttime="20220802 23:15:03.081" endtime="20220802 23:15:04.093"/>
</kw>
<kw name="Click Element" library="Selenium2Library">
<arg>//input[@value='Search']</arg>
<arg>CTRL</arg>
<doc>Click the element identified by ``locator``.</doc>
<msg timestamp="20220802 23:15:04.093" level="INFO">Clicking element '//input[@value='Search']' with CTRL.</msg>
<status status="PASS" starttime="20220802 23:15:04.093" endtime="20220802 23:15:05.160"/>
</kw>
<kw name="Switch Window" library="Selenium2Library">
<arg>NEW</arg>
<doc>Switches to browser window matching ``locator``.</doc>
<status status="PASS" starttime="20220802 23:15:05.160" endtime="20220802 23:15:05.193"/>
</kw>
<kw name="Wait Until Element Is Visible" library="Selenium2Library">
<arg>${TitleName}</arg>
<doc>Waits until the element ``locator`` is visible.</doc>
<status status="PASS" starttime="20220802 23:15:05.193" endtime="20220802 23:15:07.827"/>
</kw>
<kw name="Close Window" library="Selenium2Library">
<doc>Closes currently opened and selected browser window/tab.</doc>
<status status="PASS" starttime="20220802 23:15:07.827" endtime="20220802 23:15:07.958"/>
</kw>
<kw name="Switch Window" library="Selenium2Library">
<arg>MAIN</arg>
<doc>Switches to browser window matching ``locator``.</doc>
<status status="PASS" starttime="20220802 23:15:07.959" endtime="20220802 23:15:07.977"/>
</kw>
<status status="PASS" starttime="20220802 23:15:01.008" endtime="20220802 23:15:07.977"/>
</iter>
<iter>
<var name="${category}">&lt;selenium.webdriver.remote.webelement.WebElement (session="08223fbac7edabd1a7b0d3780e13a0f1", element="8341cd0d-107c-439f-9dac-413b10cbd444")&gt;</var>
<kw name="Click Element" library="Selenium2Library">
<arg>//*[@id='gh-cat-box']</arg>
<doc>Click the element identified by ``locator``.</doc>
<msg timestamp="20220802 23:15:07.978" level="INFO">Clicking element '//*[@id='gh-cat-box']'.</msg>
<status status="PASS" starttime="20220802 23:15:07.977" endtime="20220802 23:15:08.109"/>
</kw>
<kw name="Sleep" library="BuiltIn">
<arg>1s</arg>
<doc>Pauses the test executed for the given time.</doc>
<msg timestamp="20220802 23:15:09.119" level="INFO">Slept 1 second</msg>
<status status="PASS" starttime="20220802 23:15:08.109" endtime="20220802 23:15:09.119"/>
</kw>
<kw name="Click Element" library="Selenium2Library">
<arg>${category}</arg>
<doc>Click the element identified by ``locator``.</doc>
<msg timestamp="20220802 23:15:09.119" level="INFO">Clicking element '&lt;selenium.webdriver.remote.webelement.WebElement (session="08223fbac7edabd1a7b0d3780e13a0f1", element="8341cd0d-107c-439f-9dac-413b10cbd444")&gt;'.</msg>
<status status="PASS" starttime="20220802 23:15:09.119" endtime="20220802 23:15:09.163"/>
</kw>
<kw name="Sleep" library="BuiltIn">
<arg>1s</arg>
<doc>Pauses the test executed for the given time.</doc>
<msg timestamp="20220802 23:15:10.172" level="INFO">Slept 1 second</msg>
<status status="PASS" starttime="20220802 23:15:09.163" endtime="20220802 23:15:10.172"/>
</kw>
<kw name="Click Element" library="Selenium2Library">
<arg>//input[@value='Search']</arg>
<arg>CTRL</arg>
<doc>Click the element identified by ``locator``.</doc>
<msg timestamp="20220802 23:15:10.173" level="INFO">Clicking element '//input[@value='Search']' with CTRL.</msg>
<status status="PASS" starttime="20220802 23:15:10.172" endtime="20220802 23:15:10.492"/>
</kw>
<kw name="Switch Window" library="Selenium2Library">
<arg>NEW</arg>
<doc>Switches to browser window matching ``locator``.</doc>
<status status="PASS" starttime="20220802 23:15:10.492" endtime="20220802 23:15:10.517"/>
</kw>
<kw name="Wait Until Element Is Visible" library="Selenium2Library">
<arg>${TitleName}</arg>
<doc>Waits until the element ``locator`` is visible.</doc>
<status status="PASS" starttime="20220802 23:15:10.517" endtime="20220802 23:15:12.867"/>
</kw>
<kw name="Close Window" library="Selenium2Library">
<doc>Closes currently opened and selected browser window/tab.</doc>
<status status="PASS" starttime="20220802 23:15:12.868" endtime="20220802 23:15:12.993"/>
</kw>
<kw name="Switch Window" library="Selenium2Library">
<arg>MAIN</arg>
<doc>Switches to browser window matching ``locator``.</doc>
<status status="PASS" starttime="20220802 23:15:12.993" endtime="20220802 23:15:13.004"/>
</kw>
<status status="PASS" starttime="20220802 23:15:07.977" endtime="20220802 23:15:13.004"/>
</iter>
<iter>
<var name="${category}">&lt;selenium.webdriver.remote.webelement.WebElement (session="08223fbac7edabd1a7b0d3780e13a0f1", element="77803644-8842-45f1-9659-4bdf4fc0ebb6")&gt;</var>
<kw name="Click Element" library="Selenium2Library">
<arg>//*[@id='gh-cat-box']</arg>
<doc>Click the element identified by ``locator``.</doc>
<msg timestamp="20220802 23:15:13.005" level="INFO">Clicking element '//*[@id='gh-cat-box']'.</msg>
<status status="PASS" starttime="20220802 23:15:13.004" endtime="20220802 23:15:13.135"/>
</kw>
<kw name="Sleep" library="BuiltIn">
<arg>1s</arg>
<doc>Pauses the test executed for the given time.</doc>
<msg timestamp="20220802 23:15:14.143" level="INFO">Slept 1 second</msg>
<status status="PASS" starttime="20220802 23:15:13.136" endtime="20220802 23:15:14.143"/>
</kw>
<kw name="Click Element" library="Selenium2Library">
<arg>${category}</arg>
<doc>Click the element identified by ``locator``.</doc>
<msg timestamp="20220802 23:15:14.144" level="INFO">Clicking element '&lt;selenium.webdriver.remote.webelement.WebElement (session="08223fbac7edabd1a7b0d3780e13a0f1", element="77803644-8842-45f1-9659-4bdf4fc0ebb6")&gt;'.</msg>
<status status="PASS" starttime="20220802 23:15:14.143" endtime="20220802 23:15:14.186"/>
</kw>
<kw name="Sleep" library="BuiltIn">
<arg>1s</arg>
<doc>Pauses the test executed for the given time.</doc>
<msg timestamp="20220802 23:15:15.193" level="INFO">Slept 1 second</msg>
<status status="PASS" starttime="20220802 23:15:14.186" endtime="20220802 23:15:15.193"/>
</kw>
<kw name="Click Element" library="Selenium2Library">
<arg>//input[@value='Search']</arg>
<arg>CTRL</arg>
<doc>Click the element identified by ``locator``.</doc>
<msg timestamp="20220802 23:15:15.195" level="INFO">Clicking element '//input[@value='Search']' with CTRL.</msg>
<status status="PASS" starttime="20220802 23:15:15.194" endtime="20220802 23:15:15.558"/>
</kw>
<kw name="Switch Window" library="Selenium2Library">
<arg>NEW</arg>
<doc>Switches to browser window matching ``locator``.</doc>
<status status="PASS" starttime="20220802 23:15:15.559" endtime="20220802 23:15:15.583"/>
</kw>
<kw name="Wait Until Element Is Visible" library="Selenium2Library">
<arg>${TitleName}</arg>
<doc>Waits until the element ``locator`` is visible.</doc>
<status status="PASS" starttime="20220802 23:15:15.583" endtime="20220802 23:15:17.781"/>
</kw>
<kw name="Close Window" library="Selenium2Library">
<doc>Closes currently opened and selected browser window/tab.</doc>
<status status="PASS" starttime="20220802 23:15:17.782" endtime="20220802 23:15:17.909"/>
</kw>
<kw name="Switch Window" library="Selenium2Library">
<arg>MAIN</arg>
<doc>Switches to browser window matching ``locator``.</doc>
<status status="PASS" starttime="20220802 23:15:17.909" endtime="20220802 23:15:17.924"/>
</kw>
<status status="PASS" starttime="20220802 23:15:13.004" endtime="20220802 23:15:17.925"/>
</iter>
<iter>
<var name="${category}">&lt;selenium.webdriver.remote.webelement.WebElement (session="08223fbac7edabd1a7b0d3780e13a0f1", element="ef69dab7-d924-4bbc-a2a5-6f4aec2bc27c")&gt;</var>
<kw name="Click Element" library="Selenium2Library">
<arg>//*[@id='gh-cat-box']</arg>
<doc>Click the element identified by ``locator``.</doc>
<msg timestamp="20220802 23:15:17.925" level="INFO">Clicking element '//*[@id='gh-cat-box']'.</msg>
<status status="PASS" starttime="20220802 23:15:17.925" endtime="20220802 23:15:18.017"/>
</kw>
<kw name="Sleep" library="BuiltIn">
<arg>1s</arg>
<doc>Pauses the test executed for the given time.</doc>
<msg timestamp="20220802 23:15:19.030" level="INFO">Slept 1 second</msg>
<status status="PASS" starttime="20220802 23:15:18.018" endtime="20220802 23:15:19.031"/>
</kw>
<kw name="Click Element" library="Selenium2Library">
<arg>${category}</arg>
<doc>Click the element identified by ``locator``.</doc>
<msg timestamp="20220802 23:15:19.033" level="INFO">Clicking element '&lt;selenium.webdriver.remote.webelement.WebElement (session="08223fbac7edabd1a7b0d3780e13a0f1", element="ef69dab7-d924-4bbc-a2a5-6f4aec2bc27c")&gt;'.</msg>
<status status="PASS" starttime="20220802 23:15:19.031" endtime="20220802 23:15:19.095"/>
</kw>
<kw name="Sleep" library="BuiltIn">
<arg>1s</arg>
<doc>Pauses the test executed for the given time.</doc>
<msg timestamp="20220802 23:15:20.107" level="INFO">Slept 1 second</msg>
<status status="PASS" starttime="20220802 23:15:19.096" endtime="20220802 23:15:20.107"/>
</kw>
<kw name="Click Element" library="Selenium2Library">
<arg>//input[@value='Search']</arg>
<arg>CTRL</arg>
<doc>Click the element identified by ``locator``.</doc>
<msg timestamp="20220802 23:15:20.108" level="INFO">Clicking element '//input[@value='Search']' with CTRL.</msg>
<status status="PASS" starttime="20220802 23:15:20.107" endtime="20220802 23:15:20.455"/>
</kw>
<kw name="Switch Window" library="Selenium2Library">
<arg>NEW</arg>
<doc>Switches to browser window matching ``locator``.</doc>
<status status="PASS" starttime="20220802 23:15:20.455" endtime="20220802 23:15:20.481"/>
</kw>
<kw name="Wait Until Element Is Visible" library="Selenium2Library">
<arg>${TitleName}</arg>
<doc>Waits until the element ``locator`` is visible.</doc>
<status status="PASS" starttime="20220802 23:15:20.481" endtime="20220802 23:15:23.282"/>
</kw>
<kw name="Close Window" library="Selenium2Library">
<doc>Closes currently opened and selected browser window/tab.</doc>
<status status="PASS" starttime="20220802 23:15:23.282" endtime="20220802 23:15:23.430"/>
</kw>
<kw name="Switch Window" library="Selenium2Library">
<arg>MAIN</arg>
<doc>Switches to browser window matching ``locator``.</doc>
<status status="PASS" starttime="20220802 23:15:23.430" endtime="20220802 23:15:23.447"/>
</kw>
<status status="PASS" starttime="20220802 23:15:17.925" endtime="20220802 23:15:23.447"/>
</iter>
<iter>
<var name="${category}">&lt;selenium.webdriver.remote.webelement.WebElement (session="08223fbac7edabd1a7b0d3780e13a0f1", element="35d76aec-31d1-404a-aca9-1659676f1013")&gt;</var>
<kw name="Click Element" library="Selenium2Library">
<arg>//*[@id='gh-cat-box']</arg>
<doc>Click the element identified by ``locator``.</doc>
<msg timestamp="20220802 23:15:23.448" level="INFO">Clicking element '//*[@id='gh-cat-box']'.</msg>
<status status="PASS" starttime="20220802 23:15:23.447" endtime="20220802 23:15:23.622"/>
</kw>
<kw name="Sleep" library="BuiltIn">
<arg>1s</arg>
<doc>Pauses the test executed for the given time.</doc>
<msg timestamp="20220802 23:15:24.637" level="INFO">Slept 1 second</msg>
<status status="PASS" starttime="20220802 23:15:23.623" endtime="20220802 23:15:24.637"/>
</kw>
<kw name="Click Element" library="Selenium2Library">
<arg>${category}</arg>
<doc>Click the element identified by ``locator``.</doc>
<msg timestamp="20220802 23:15:24.639" level="INFO">Clicking element '&lt;selenium.webdriver.remote.webelement.WebElement (session="08223fbac7edabd1a7b0d3780e13a0f1", element="35d76aec-31d1-404a-aca9-1659676f1013")&gt;'.</msg>
<status status="PASS" starttime="20220802 23:15:24.638" endtime="20220802 23:15:24.690"/>
</kw>
<kw name="Sleep" library="BuiltIn">
<arg>1s</arg>
<doc>Pauses the test executed for the given time.</doc>
<msg timestamp="20220802 23:15:25.695" level="INFO">Slept 1 second</msg>
<status status="PASS" starttime="20220802 23:15:24.691" endtime="20220802 23:15:25.695"/>
</kw>
<kw name="Click Element" library="Selenium2Library">
<arg>//input[@value='Search']</arg>
<arg>CTRL</arg>
<doc>Click the element identified by ``locator``.</doc>
<msg timestamp="20220802 23:15:25.696" level="INFO">Clicking element '//input[@value='Search']' with CTRL.</msg>
<status status="PASS" starttime="20220802 23:15:25.695" endtime="20220802 23:15:26.037"/>
</kw>
<kw name="Switch Window" library="Selenium2Library">
<arg>NEW</arg>
<doc>Switches to browser window matching ``locator``.</doc>
<status status="PASS" starttime="20220802 23:15:26.037" endtime="20220802 23:15:26.064"/>
</kw>
<kw name="Wait Until Element Is Visible" library="Selenium2Library">
<arg>${TitleName}</arg>
<doc>Waits until the element ``locator`` is visible.</doc>
<status status="PASS" starttime="20220802 23:15:26.064" endtime="20220802 23:15:28.316"/>
</kw>
<kw name="Close Window" library="Selenium2Library">
<doc>Closes currently opened and selected browser window/tab.</doc>
<status status="PASS" starttime="20220802 23:15:28.316" endtime="20220802 23:15:28.447"/>
</kw>
<kw name="Switch Window" library="Selenium2Library">
<arg>MAIN</arg>
<doc>Switches to browser window matching ``locator``.</doc>
<status status="PASS" starttime="20220802 23:15:28.447" endtime="20220802 23:15:28.466"/>
</kw>
<status status="PASS" starttime="20220802 23:15:23.447" endtime="20220802 23:15:28.466"/>
</iter>
<iter>
<var name="${category}">&lt;selenium.webdriver.remote.webelement.WebElement (session="08223fbac7edabd1a7b0d3780e13a0f1", element="4d2b4342-5dcc-444b-b8ab-2e52ea119b19")&gt;</var>
<kw name="Click Element" library="Selenium2Library">
<arg>//*[@id='gh-cat-box']</arg>
<doc>Click the element identified by ``locator``.</doc>
<msg timestamp="20220802 23:15:28.467" level="INFO">Clicking element '//*[@id='gh-cat-box']'.</msg>
<status status="PASS" starttime="20220802 23:15:28.466" endtime="20220802 23:15:28.566"/>
</kw>
<kw name="Sleep" library="BuiltIn">
<arg>1s</arg>
<doc>Pauses the test executed for the given time.</doc>
<msg timestamp="20220802 23:15:29.579" level="INFO">Slept 1 second</msg>
<status status="PASS" starttime="20220802 23:15:28.566" endtime="20220802 23:15:29.579"/>
</kw>
<kw name="Click Element" library="Selenium2Library">
<arg>${category}</arg>
<doc>Click the element identified by ``locator``.</doc>
<msg timestamp="20220802 23:15:29.580" level="INFO">Clicking element '&lt;selenium.webdriver.remote.webelement.WebElement (session="08223fbac7edabd1a7b0d3780e13a0f1", element="4d2b4342-5dcc-444b-b8ab-2e52ea119b19")&gt;'.</msg>
<status status="PASS" starttime="20220802 23:15:29.580" endtime="20220802 23:15:29.626"/>
</kw>
<kw name="Sleep" library="BuiltIn">
<arg>1s</arg>
<doc>Pauses the test executed for the given time.</doc>
<msg timestamp="20220802 23:15:30.636" level="INFO">Slept 1 second</msg>
<status status="PASS" starttime="20220802 23:15:29.626" endtime="20220802 23:15:30.636"/>
</kw>
<kw name="Click Element" library="Selenium2Library">
<arg>//input[@value='Search']</arg>
<arg>CTRL</arg>
<doc>Click the element identified by ``locator``.</doc>
<msg timestamp="20220802 23:15:30.637" level="INFO">Clicking element '//input[@value='Search']' with CTRL.</msg>
<status status="PASS" starttime="20220802 23:15:30.636" endtime="20220802 23:15:30.954"/>
</kw>
<kw name="Switch Window" library="Selenium2Library">
<arg>NEW</arg>
<doc>Switches to browser window matching ``locator``.</doc>
<status status="PASS" starttime="20220802 23:15:30.954" endtime="20220802 23:15:30.981"/>
</kw>
<kw name="Wait Until Element Is Visible" library="Selenium2Library">
<arg>${TitleName}</arg>
<doc>Waits until the element ``locator`` is visible.</doc>
<status status="PASS" starttime="20220802 23:15:30.981" endtime="20220802 23:15:33.370"/>
</kw>
<kw name="Close Window" library="Selenium2Library">
<doc>Closes currently opened and selected browser window/tab.</doc>
<status status="PASS" starttime="20220802 23:15:33.370" endtime="20220802 23:15:33.446"/>
</kw>
<kw name="Switch Window" library="Selenium2Library">
<arg>MAIN</arg>
<doc>Switches to browser window matching ``locator``.</doc>
<status status="PASS" starttime="20220802 23:15:33.446" endtime="20220802 23:15:33.457"/>
</kw>
<status status="PASS" starttime="20220802 23:15:28.466" endtime="20220802 23:15:33.457"/>
</iter>
<iter>
<var name="${category}">&lt;selenium.webdriver.remote.webelement.WebElement (session="08223fbac7edabd1a7b0d3780e13a0f1", element="79387554-3a49-449f-812a-2c1b2259f393")&gt;</var>
<kw name="Click Element" library="Selenium2Library">
<arg>//*[@id='gh-cat-box']</arg>
<doc>Click the element identified by ``locator``.</doc>
<msg timestamp="20220802 23:15:33.458" level="INFO">Clicking element '//*[@id='gh-cat-box']'.</msg>
<status status="PASS" starttime="20220802 23:15:33.458" endtime="20220802 23:15:33.543"/>
</kw>
<kw name="Sleep" library="BuiltIn">
<arg>1s</arg>
<doc>Pauses the test executed for the given time.</doc>
<msg timestamp="20220802 23:15:34.551" level="INFO">Slept 1 second</msg>
<status status="PASS" starttime="20220802 23:15:33.544" endtime="20220802 23:15:34.551"/>
</kw>
<kw name="Click Element" library="Selenium2Library">
<arg>${category}</arg>
<doc>Click the element identified by ``locator``.</doc>
<msg timestamp="20220802 23:15:34.552" level="INFO">Clicking element '&lt;selenium.webdriver.remote.webelement.WebElement (session="08223fbac7edabd1a7b0d3780e13a0f1", element="79387554-3a49-449f-812a-2c1b2259f393")&gt;'.</msg>
<status status="PASS" starttime="20220802 23:15:34.551" endtime="20220802 23:15:34.586"/>
</kw>
<kw name="Sleep" library="BuiltIn">
<arg>1s</arg>
<doc>Pauses the test executed for the given time.</doc>
<msg timestamp="20220802 23:15:35.601" level="INFO">Slept 1 second</msg>
<status status="PASS" starttime="20220802 23:15:34.587" endtime="20220802 23:15:35.601"/>
</kw>
<kw name="Click Element" library="Selenium2Library">
<arg>//input[@value='Search']</arg>
<arg>CTRL</arg>
<doc>Click the element identified by ``locator``.</doc>
<msg timestamp="20220802 23:15:35.603" level="INFO">Clicking element '//input[@value='Search']' with CTRL.</msg>
<status status="PASS" starttime="20220802 23:15:35.602" endtime="20220802 23:15:35.949"/>
</kw>
<kw name="Switch Window" library="Selenium2Library">
<arg>NEW</arg>
<doc>Switches to browser window matching ``locator``.</doc>
<status status="PASS" starttime="20220802 23:15:35.950" endtime="20220802 23:15:35.974"/>
</kw>
<kw name="Wait Until Element Is Visible" library="Selenium2Library">
<arg>${TitleName}</arg>
<doc>Waits until the element ``locator`` is visible.</doc>
<status status="PASS" starttime="20220802 23:15:35.975" endtime="20220802 23:15:38.248"/>
</kw>
<kw name="Close Window" library="Selenium2Library">
<doc>Closes currently opened and selected browser window/tab.</doc>
<status status="PASS" starttime="20220802 23:15:38.248" endtime="20220802 23:15:38.378"/>
</kw>
<kw name="Switch Window" library="Selenium2Library">
<arg>MAIN</arg>
<doc>Switches to browser window matching ``locator``.</doc>
<status status="PASS" starttime="20220802 23:15:38.378" endtime="20220802 23:15:38.392"/>
</kw>
<status status="PASS" starttime="20220802 23:15:33.457" endtime="20220802 23:15:38.392"/>
</iter>
<iter>
<var name="${category}">&lt;selenium.webdriver.remote.webelement.WebElement (session="08223fbac7edabd1a7b0d3780e13a0f1", element="794af6e2-6aae-4e86-9ac0-b4d7d55d396b")&gt;</var>
<kw name="Click Element" library="Selenium2Library">
<arg>//*[@id='gh-cat-box']</arg>
<doc>Click the element identified by ``locator``.</doc>
<msg timestamp="20220802 23:15:38.393" level="INFO">Clicking element '//*[@id='gh-cat-box']'.</msg>
<status status="PASS" starttime="20220802 23:15:38.392" endtime="20220802 23:15:38.512"/>
</kw>
<kw name="Sleep" library="BuiltIn">
<arg>1s</arg>
<doc>Pauses the test executed for the given time.</doc>
<msg timestamp="20220802 23:15:39.512" level="INFO">Slept 1 second</msg>
<status status="PASS" starttime="20220802 23:15:38.512" endtime="20220802 23:15:39.513"/>
</kw>
<kw name="Click Element" library="Selenium2Library">
<arg>${category}</arg>
<doc>Click the element identified by ``locator``.</doc>
<msg timestamp="20220802 23:15:39.515" level="INFO">Clicking element '&lt;selenium.webdriver.remote.webelement.WebElement (session="08223fbac7edabd1a7b0d3780e13a0f1", element="794af6e2-6aae-4e86-9ac0-b4d7d55d396b")&gt;'.</msg>
<status status="PASS" starttime="20220802 23:15:39.513" endtime="20220802 23:15:39.583"/>
</kw>
<kw name="Sleep" library="BuiltIn">
<arg>1s</arg>
<doc>Pauses the test executed for the given time.</doc>
<msg timestamp="20220802 23:15:40.589" level="INFO">Slept 1 second</msg>
<status status="PASS" starttime="20220802 23:15:39.583" endtime="20220802 23:15:40.589"/>
</kw>
<kw name="Click Element" library="Selenium2Library">
<arg>//input[@value='Search']</arg>
<arg>CTRL</arg>
<doc>Click the element identified by ``locator``.</doc>
<msg timestamp="20220802 23:15:40.591" level="INFO">Clicking element '//input[@value='Search']' with CTRL.</msg>
<status status="PASS" starttime="20220802 23:15:40.590" endtime="20220802 23:15:40.952"/>
</kw>
<kw name="Switch Window" library="Selenium2Library">
<arg>NEW</arg>
<doc>Switches to browser window matching ``locator``.</doc>
<status status="PASS" starttime="20220802 23:15:40.952" endtime="20220802 23:15:40.977"/>
</kw>
<kw name="Wait Until Element Is Visible" library="Selenium2Library">
<arg>${TitleName}</arg>
<doc>Waits until the element ``locator`` is visible.</doc>
<status status="PASS" starttime="20220802 23:15:40.978" endtime="20220802 23:15:43.572"/>
</kw>
<kw name="Close Window" library="Selenium2Library">
<doc>Closes currently opened and selected browser window/tab.</doc>
<status status="PASS" starttime="20220802 23:15:43.573" endtime="20220802 23:15:43.648"/>
</kw>
<kw name="Switch Window" library="Selenium2Library">
<arg>MAIN</arg>
<doc>Switches to browser window matching ``locator``.</doc>
<status status="PASS" starttime="20220802 23:15:43.648" endtime="20220802 23:15:43.665"/>
</kw>
<status status="PASS" starttime="20220802 23:15:38.392" endtime="20220802 23:15:43.665"/>
</iter>
<iter>
<var name="${category}">&lt;selenium.webdriver.remote.webelement.WebElement (session="08223fbac7edabd1a7b0d3780e13a0f1", element="f57eac9a-749f-46b4-b2f0-9760c2a8ff9e")&gt;</var>
<kw name="Click Element" library="Selenium2Library">
<arg>//*[@id='gh-cat-box']</arg>
<doc>Click the element identified by ``locator``.</doc>
<msg timestamp="20220802 23:15:43.666" level="INFO">Clicking element '//*[@id='gh-cat-box']'.</msg>
<status status="PASS" starttime="20220802 23:15:43.666" endtime="20220802 23:15:43.765"/>
</kw>
<kw name="Sleep" library="BuiltIn">
<arg>1s</arg>
<doc>Pauses the test executed for the given time.</doc>
<msg timestamp="20220802 23:15:44.768" level="INFO">Slept 1 second</msg>
<status status="PASS" starttime="20220802 23:15:43.765" endtime="20220802 23:15:44.768"/>
</kw>
<kw name="Click Element" library="Selenium2Library">
<arg>${category}</arg>
<doc>Click the element identified by ``locator``.</doc>
<msg timestamp="20220802 23:15:44.770" level="INFO">Clicking element '&lt;selenium.webdriver.remote.webelement.WebElement (session="08223fbac7edabd1a7b0d3780e13a0f1", element="f57eac9a-749f-46b4-b2f0-9760c2a8ff9e")&gt;'.</msg>
<status status="PASS" starttime="20220802 23:15:44.769" endtime="20220802 23:15:44.842"/>
</kw>
<kw name="Sleep" library="BuiltIn">
<arg>1s</arg>
<doc>Pauses the test executed for the given time.</doc>
<msg timestamp="20220802 23:15:45.847" level="INFO">Slept 1 second</msg>
<status status="PASS" starttime="20220802 23:15:44.842" endtime="20220802 23:15:45.847"/>
</kw>
<kw name="Click Element" library="Selenium2Library">
<arg>//input[@value='Search']</arg>
<arg>CTRL</arg>
<doc>Click the element identified by ``locator``.</doc>
<msg timestamp="20220802 23:15:45.849" level="INFO">Clicking element '//input[@value='Search']' with CTRL.</msg>
<status status="PASS" starttime="20220802 23:15:45.848" endtime="20220802 23:15:46.202"/>
</kw>
<kw name="Switch Window" library="Selenium2Library">
<arg>NEW</arg>
<doc>Switches to browser window matching ``locator``.</doc>
<status status="PASS" starttime="20220802 23:15:46.203" endtime="20220802 23:15:46.225"/>
</kw>
<kw name="Wait Until Element Is Visible" library="Selenium2Library">
<arg>${TitleName}</arg>
<doc>Waits until the element ``locator`` is visible.</doc>
<status status="PASS" starttime="20220802 23:15:46.225" endtime="20220802 23:15:48.557"/>
</kw>
<kw name="Close Window" library="Selenium2Library">
<doc>Closes currently opened and selected browser window/tab.</doc>
<status status="PASS" starttime="20220802 23:15:48.557" endtime="20220802 23:15:48.683"/>
</kw>
<kw name="Switch Window" library="Selenium2Library">
<arg>MAIN</arg>
<doc>Switches to browser window matching ``locator``.</doc>
<status status="PASS" starttime="20220802 23:15:48.683" endtime="20220802 23:15:48.694"/>
</kw>
<status status="PASS" starttime="20220802 23:15:43.665" endtime="20220802 23:15:48.694"/>
</iter>
<iter>
<var name="${category}">&lt;selenium.webdriver.remote.webelement.WebElement (session="08223fbac7edabd1a7b0d3780e13a0f1", element="94e798dc-684e-456f-bbfc-5d61ad73ca85")&gt;</var>
<kw name="Click Element" library="Selenium2Library">
<arg>//*[@id='gh-cat-box']</arg>
<doc>Click the element identified by ``locator``.</doc>
<msg timestamp="20220802 23:15:48.695" level="INFO">Clicking element '//*[@id='gh-cat-box']'.</msg>
<status status="PASS" starttime="20220802 23:15:48.694" endtime="20220802 23:15:48.805"/>
</kw>
<kw name="Sleep" library="BuiltIn">
<arg>1s</arg>
<doc>Pauses the test executed for the given time.</doc>
<msg timestamp="20220802 23:15:49.818" level="INFO">Slept 1 second</msg>
<status status="PASS" starttime="20220802 23:15:48.805" endtime="20220802 23:15:49.818"/>
</kw>
<kw name="Click Element" library="Selenium2Library">
<arg>${category}</arg>
<doc>Click the element identified by ``locator``.</doc>
<msg timestamp="20220802 23:15:49.820" level="INFO">Clicking element '&lt;selenium.webdriver.remote.webelement.WebElement (session="08223fbac7edabd1a7b0d3780e13a0f1", element="94e798dc-684e-456f-bbfc-5d61ad73ca85")&gt;'.</msg>
<status status="PASS" starttime="20220802 23:15:49.819" endtime="20220802 23:15:49.856"/>
</kw>
<kw name="Sleep" library="BuiltIn">
<arg>1s</arg>
<doc>Pauses the test executed for the given time.</doc>
<msg timestamp="20220802 23:15:50.866" level="INFO">Slept 1 second</msg>
<status status="PASS" starttime="20220802 23:15:49.857" endtime="20220802 23:15:50.866"/>
</kw>
<kw name="Click Element" library="Selenium2Library">
<arg>//input[@value='Search']</arg>
<arg>CTRL</arg>
<doc>Click the element identified by ``locator``.</doc>
<msg timestamp="20220802 23:15:50.868" level="INFO">Clicking element '//input[@value='Search']' with CTRL.</msg>
<status status="PASS" starttime="20220802 23:15:50.867" endtime="20220802 23:15:51.206"/>
</kw>
<kw name="Switch Window" library="Selenium2Library">
<arg>NEW</arg>
<doc>Switches to browser window matching ``locator``.</doc>
<status status="PASS" starttime="20220802 23:15:51.206" endtime="20220802 23:15:51.233"/>
</kw>
<kw name="Wait Until Element Is Visible" library="Selenium2Library">
<arg>${TitleName}</arg>
<doc>Waits until the element ``locator`` is visible.</doc>
<status status="PASS" starttime="20220802 23:15:51.233" endtime="20220802 23:15:53.649"/>
</kw>
<kw name="Close Window" library="Selenium2Library">
<doc>Closes currently opened and selected browser window/tab.</doc>
<status status="PASS" starttime="20220802 23:15:53.650" endtime="20220802 23:15:53.784"/>
</kw>
<kw name="Switch Window" library="Selenium2Library">
<arg>MAIN</arg>
<doc>Switches to browser window matching ``locator``.</doc>
<status status="PASS" starttime="20220802 23:15:53.784" endtime="20220802 23:15:53.798"/>
</kw>
<status status="PASS" starttime="20220802 23:15:48.694" endtime="20220802 23:15:53.798"/>
</iter>
<iter>
<var name="${category}">&lt;selenium.webdriver.remote.webelement.WebElement (session="08223fbac7edabd1a7b0d3780e13a0f1", element="6d550aaf-7875-4347-943f-3659f9767a41")&gt;</var>
<kw name="Click Element" library="Selenium2Library">
<arg>//*[@id='gh-cat-box']</arg>
<doc>Click the element identified by ``locator``.</doc>
<msg timestamp="20220802 23:15:53.799" level="INFO">Clicking element '//*[@id='gh-cat-box']'.</msg>
<status status="PASS" starttime="20220802 23:15:53.799" endtime="20220802 23:15:53.909"/>
</kw>
<kw name="Sleep" library="BuiltIn">
<arg>1s</arg>
<doc>Pauses the test executed for the given time.</doc>
<msg timestamp="20220802 23:15:54.917" level="INFO">Slept 1 second</msg>
<status status="PASS" starttime="20220802 23:15:53.909" endtime="20220802 23:15:54.917"/>
</kw>
<kw name="Click Element" library="Selenium2Library">
<arg>${category}</arg>
<doc>Click the element identified by ``locator``.</doc>
<msg timestamp="20220802 23:15:54.920" level="INFO">Clicking element '&lt;selenium.webdriver.remote.webelement.WebElement (session="08223fbac7edabd1a7b0d3780e13a0f1", element="6d550aaf-7875-4347-943f-3659f9767a41")&gt;'.</msg>
<status status="PASS" starttime="20220802 23:15:54.918" endtime="20220802 23:15:54.978"/>
</kw>
<kw name="Sleep" library="BuiltIn">
<arg>1s</arg>
<doc>Pauses the test executed for the given time.</doc>
<msg timestamp="20220802 23:15:55.981" level="INFO">Slept 1 second</msg>
<status status="PASS" starttime="20220802 23:15:54.979" endtime="20220802 23:15:55.982"/>
</kw>
<kw name="Click Element" library="Selenium2Library">
<arg>//input[@value='Search']</arg>
<arg>CTRL</arg>
<doc>Click the element identified by ``locator``.</doc>
<msg timestamp="20220802 23:15:55.983" level="INFO">Clicking element '//input[@value='Search']' with CTRL.</msg>
<status status="PASS" starttime="20220802 23:15:55.982" endtime="20220802 23:15:56.335"/>
</kw>
<kw name="Switch Window" library="Selenium2Library">
<arg>NEW</arg>
<doc>Switches to browser window matching ``locator``.</doc>
<status status="PASS" starttime="20220802 23:15:56.336" endtime="20220802 23:15:56.362"/>
</kw>
<kw name="Wait Until Element Is Visible" library="Selenium2Library">
<arg>${TitleName}</arg>
<doc>Waits until the element ``locator`` is visible.</doc>
<status status="PASS" starttime="20220802 23:15:56.363" endtime="20220802 23:15:58.969"/>
</kw>
<kw name="Close Window" library="Selenium2Library">
<doc>Closes currently opened and selected browser window/tab.</doc>
<status status="PASS" starttime="20220802 23:15:58.970" endtime="20220802 23:15:59.101"/>
</kw>
<kw name="Switch Window" library="Selenium2Library">
<arg>MAIN</arg>
<doc>Switches to browser window matching ``locator``.</doc>
<status status="PASS" starttime="20220802 23:15:59.101" endtime="20220802 23:15:59.113"/>
</kw>
<status status="PASS" starttime="20220802 23:15:53.798" endtime="20220802 23:15:59.113"/>
</iter>
<iter>
<var name="${category}">&lt;selenium.webdriver.remote.webelement.WebElement (session="08223fbac7edabd1a7b0d3780e13a0f1", element="ee850c2b-04cc-4c2e-a1fd-96ae36b86358")&gt;</var>
<kw name="Click Element" library="Selenium2Library">
<arg>//*[@id='gh-cat-box']</arg>
<doc>Click the element identified by ``locator``.</doc>
<msg timestamp="20220802 23:15:59.115" level="INFO">Clicking element '//*[@id='gh-cat-box']'.</msg>
<status status="PASS" starttime="20220802 23:15:59.114" endtime="20220802 23:15:59.224"/>
</kw>
<kw name="Sleep" library="BuiltIn">
<arg>1s</arg>
<doc>Pauses the test executed for the given time.</doc>
<msg timestamp="20220802 23:16:00.232" level="INFO">Slept 1 second</msg>
<status status="PASS" starttime="20220802 23:15:59.225" endtime="20220802 23:16:00.232"/>
</kw>
<kw name="Click Element" library="Selenium2Library">
<arg>${category}</arg>
<doc>Click the element identified by ``locator``.</doc>
<msg timestamp="20220802 23:16:00.234" level="INFO">Clicking element '&lt;selenium.webdriver.remote.webelement.WebElement (session="08223fbac7edabd1a7b0d3780e13a0f1", element="ee850c2b-04cc-4c2e-a1fd-96ae36b86358")&gt;'.</msg>
<status status="PASS" starttime="20220802 23:16:00.233" endtime="20220802 23:16:00.288"/>
</kw>
<kw name="Sleep" library="BuiltIn">
<arg>1s</arg>
<doc>Pauses the test executed for the given time.</doc>
<msg timestamp="20220802 23:16:01.292" level="INFO">Slept 1 second</msg>
<status status="PASS" starttime="20220802 23:16:00.289" endtime="20220802 23:16:01.292"/>
</kw>
<kw name="Click Element" library="Selenium2Library">
<arg>//input[@value='Search']</arg>
<arg>CTRL</arg>
<doc>Click the element identified by ``locator``.</doc>
<msg timestamp="20220802 23:16:01.294" level="INFO">Clicking element '//input[@value='Search']' with CTRL.</msg>
<status status="PASS" starttime="20220802 23:16:01.293" endtime="20220802 23:16:01.625"/>
</kw>
<kw name="Switch Window" library="Selenium2Library">
<arg>NEW</arg>
<doc>Switches to browser window matching ``locator``.</doc>
<status status="PASS" starttime="20220802 23:16:01.625" endtime="20220802 23:16:01.649"/>
</kw>
<kw name="Wait Until Element Is Visible" library="Selenium2Library">
<arg>${TitleName}</arg>
<doc>Waits until the element ``locator`` is visible.</doc>
<status status="PASS" starttime="20220802 23:16:01.649" endtime="20220802 23:16:04.127"/>
</kw>
<kw name="Close Window" library="Selenium2Library">
<doc>Closes currently opened and selected browser window/tab.</doc>
<status status="PASS" starttime="20220802 23:16:04.127" endtime="20220802 23:16:04.199"/>
</kw>
<kw name="Switch Window" library="Selenium2Library">
<arg>MAIN</arg>
<doc>Switches to browser window matching ``locator``.</doc>
<status status="PASS" starttime="20220802 23:16:04.199" endtime="20220802 23:16:04.215"/>
</kw>
<status status="PASS" starttime="20220802 23:15:59.114" endtime="20220802 23:16:04.215"/>
</iter>
<iter>
<var name="${category}">&lt;selenium.webdriver.remote.webelement.WebElement (session="08223fbac7edabd1a7b0d3780e13a0f1", element="46ff27a5-a226-4829-affe-d6639ce6f2a4")&gt;</var>
<kw name="Click Element" library="Selenium2Library">
<arg>//*[@id='gh-cat-box']</arg>
<doc>Click the element identified by ``locator``.</doc>
<msg timestamp="20220802 23:16:04.216" level="INFO">Clicking element '//*[@id='gh-cat-box']'.</msg>
<status status="PASS" starttime="20220802 23:16:04.215" endtime="20220802 23:16:04.318"/>
</kw>
<kw name="Sleep" library="BuiltIn">
<arg>1s</arg>
<doc>Pauses the test executed for the given time.</doc>
<msg timestamp="20220802 23:16:05.319" level="INFO">Slept 1 second</msg>
<status status="PASS" starttime="20220802 23:16:04.318" endtime="20220802 23:16:05.319"/>
</kw>
<kw name="Click Element" library="Selenium2Library">
<arg>${category}</arg>
<doc>Click the element identified by ``locator``.</doc>
<msg timestamp="20220802 23:16:05.321" level="INFO">Clicking element '&lt;selenium.webdriver.remote.webelement.WebElement (session="08223fbac7edabd1a7b0d3780e13a0f1", element="46ff27a5-a226-4829-affe-d6639ce6f2a4")&gt;'.</msg>
<status status="PASS" starttime="20220802 23:16:05.320" endtime="20220802 23:16:05.380"/>
</kw>
<kw name="Sleep" library="BuiltIn">
<arg>1s</arg>
<doc>Pauses the test executed for the given time.</doc>
<msg timestamp="20220802 23:16:06.382" level="INFO">Slept 1 second</msg>
<status status="PASS" starttime="20220802 23:16:05.381" endtime="20220802 23:16:06.382"/>
</kw>
<kw name="Click Element" library="Selenium2Library">
<arg>//input[@value='Search']</arg>
<arg>CTRL</arg>
<doc>Click the element identified by ``locator``.</doc>
<msg timestamp="20220802 23:16:06.383" level="INFO">Clicking element '//input[@value='Search']' with CTRL.</msg>
<status status="PASS" starttime="20220802 23:16:06.382" endtime="20220802 23:16:06.712"/>
</kw>
<kw name="Switch Window" library="Selenium2Library">
<arg>NEW</arg>
<doc>Switches to browser window matching ``locator``.</doc>
<status status="PASS" starttime="20220802 23:16:06.712" endtime="20220802 23:16:06.740"/>
</kw>
<kw name="Wait Until Element Is Visible" library="Selenium2Library">
<arg>${TitleName}</arg>
<doc>Waits until the element ``locator`` is visible.</doc>
<status status="PASS" starttime="20220802 23:16:06.740" endtime="20220802 23:16:09.083"/>
</kw>
<kw name="Close Window" library="Selenium2Library">
<doc>Closes currently opened and selected browser window/tab.</doc>
<status status="PASS" starttime="20220802 23:16:09.083" endtime="20220802 23:16:09.212"/>
</kw>
<kw name="Switch Window" library="Selenium2Library">
<arg>MAIN</arg>
<doc>Switches to browser window matching ``locator``.</doc>
<status status="PASS" starttime="20220802 23:16:09.213" endtime="20220802 23:16:09.230"/>
</kw>
<status status="PASS" starttime="20220802 23:16:04.215" endtime="20220802 23:16:09.231"/>
</iter>
<iter>
<var name="${category}">&lt;selenium.webdriver.remote.webelement.WebElement (session="08223fbac7edabd1a7b0d3780e13a0f1", element="61de8827-52c2-4a62-b92a-ff347e9e04ca")&gt;</var>
<kw name="Click Element" library="Selenium2Library">
<arg>//*[@id='gh-cat-box']</arg>
<doc>Click the element identified by ``locator``.</doc>
<msg timestamp="20220802 23:16:09.232" level="INFO">Clicking element '//*[@id='gh-cat-box']'.</msg>
<status status="PASS" starttime="20220802 23:16:09.231" endtime="20220802 23:16:09.325"/>
</kw>
<kw name="Sleep" library="BuiltIn">
<arg>1s</arg>
<doc>Pauses the test executed for the given time.</doc>
<msg timestamp="20220802 23:16:10.329" level="INFO">Slept 1 second</msg>
<status status="PASS" starttime="20220802 23:16:09.326" endtime="20220802 23:16:10.329"/>
</kw>
<kw name="Click Element" library="Selenium2Library">
<arg>${category}</arg>
<doc>Click the element identified by ``locator``.</doc>
<msg timestamp="20220802 23:16:10.329" level="INFO">Clicking element '&lt;selenium.webdriver.remote.webelement.WebElement (session="08223fbac7edabd1a7b0d3780e13a0f1", element="61de8827-52c2-4a62-b92a-ff347e9e04ca")&gt;'.</msg>
<status status="PASS" starttime="20220802 23:16:10.329" endtime="20220802 23:16:10.364"/>
</kw>
<kw name="Sleep" library="BuiltIn">
<arg>1s</arg>
<doc>Pauses the test executed for the given time.</doc>
<msg timestamp="20220802 23:16:11.378" level="INFO">Slept 1 second</msg>
<status status="PASS" starttime="20220802 23:16:10.364" endtime="20220802 23:16:11.378"/>
</kw>
<kw name="Click Element" library="Selenium2Library">
<arg>//input[@value='Search']</arg>
<arg>CTRL</arg>
<doc>Click the element identified by ``locator``.</doc>
<msg timestamp="20220802 23:16:11.379" level="INFO">Clicking element '//input[@value='Search']' with CTRL.</msg>
<status status="PASS" starttime="20220802 23:16:11.379" endtime="20220802 23:16:11.714"/>
</kw>
<kw name="Switch Window" library="Selenium2Library">
<arg>NEW</arg>
<doc>Switches to browser window matching ``locator``.</doc>
<status status="PASS" starttime="20220802 23:16:11.715" endtime="20220802 23:16:11.739"/>
</kw>
<kw name="Wait Until Element Is Visible" library="Selenium2Library">
<arg>${TitleName}</arg>
<doc>Waits until the element ``locator`` is visible.</doc>
<status status="PASS" starttime="20220802 23:16:11.739" endtime="20220802 23:16:14.194"/>
</kw>
<kw name="Close Window" library="Selenium2Library">
<doc>Closes currently opened and selected browser window/tab.</doc>
<status status="PASS" starttime="20220802 23:16:14.195" endtime="20220802 23:16:14.273"/>
</kw>
<kw name="Switch Window" library="Selenium2Library">
<arg>MAIN</arg>
<doc>Switches to browser window matching ``locator``.</doc>
<status status="PASS" starttime="20220802 23:16:14.273" endtime="20220802 23:16:14.291"/>
</kw>
<status status="PASS" starttime="20220802 23:16:09.231" endtime="20220802 23:16:14.291"/>
</iter>
<iter>
<var name="${category}">&lt;selenium.webdriver.remote.webelement.WebElement (session="08223fbac7edabd1a7b0d3780e13a0f1", element="b2f178ed-c849-4f51-a87b-aec3ace3aaaf")&gt;</var>
<kw name="Click Element" library="Selenium2Library">
<arg>//*[@id='gh-cat-box']</arg>
<doc>Click the element identified by ``locator``.</doc>
<msg timestamp="20220802 23:16:14.292" level="INFO">Clicking element '//*[@id='gh-cat-box']'.</msg>
<status status="PASS" starttime="20220802 23:16:14.292" endtime="20220802 23:16:14.415"/>
</kw>
<kw name="Sleep" library="BuiltIn">
<arg>1s</arg>
<doc>Pauses the test executed for the given time.</doc>
<msg timestamp="20220802 23:16:15.415" level="INFO">Slept 1 second</msg>
<status status="PASS" starttime="20220802 23:16:14.415" endtime="20220802 23:16:15.415"/>
</kw>
<kw name="Click Element" library="Selenium2Library">
<arg>${category}</arg>
<doc>Click the element identified by ``locator``.</doc>
<msg timestamp="20220802 23:16:15.417" level="INFO">Clicking element '&lt;selenium.webdriver.remote.webelement.WebElement (session="08223fbac7edabd1a7b0d3780e13a0f1", element="b2f178ed-c849-4f51-a87b-aec3ace3aaaf")&gt;'.</msg>
<status status="PASS" starttime="20220802 23:16:15.416" endtime="20220802 23:16:15.486"/>
</kw>
<kw name="Sleep" library="BuiltIn">
<arg>1s</arg>
<doc>Pauses the test executed for the given time.</doc>
<msg timestamp="20220802 23:16:16.494" level="INFO">Slept 1 second</msg>
<status status="PASS" starttime="20220802 23:16:15.486" endtime="20220802 23:16:16.494"/>
</kw>
<kw name="Click Element" library="Selenium2Library">
<arg>//input[@value='Search']</arg>
<arg>CTRL</arg>
<doc>Click the element identified by ``locator``.</doc>
<msg timestamp="20220802 23:16:16.495" level="INFO">Clicking element '//input[@value='Search']' with CTRL.</msg>
<status status="PASS" starttime="20220802 23:16:16.494" endtime="20220802 23:16:16.846"/>
</kw>
<kw name="Switch Window" library="Selenium2Library">
<arg>NEW</arg>
<doc>Switches to browser window matching ``locator``.</doc>
<status status="PASS" starttime="20220802 23:16:16.846" endtime="20220802 23:16:16.870"/>
</kw>
<kw name="Wait Until Element Is Visible" library="Selenium2Library">
<arg>${TitleName}</arg>
<doc>Waits until the element ``locator`` is visible.</doc>
<status status="PASS" starttime="20220802 23:16:16.870" endtime="20220802 23:16:19.068"/>
</kw>
<kw name="Close Window" library="Selenium2Library">
<doc>Closes currently opened and selected browser window/tab.</doc>
<status status="PASS" starttime="20220802 23:16:19.068" endtime="20220802 23:16:19.191"/>
</kw>
<kw name="Switch Window" library="Selenium2Library">
<arg>MAIN</arg>
<doc>Switches to browser window matching ``locator``.</doc>
<status status="PASS" starttime="20220802 23:16:19.191" endtime="20220802 23:16:19.207"/>
</kw>
<status status="PASS" starttime="20220802 23:16:14.291" endtime="20220802 23:16:19.207"/>
</iter>
<iter>
<var name="${category}">&lt;selenium.webdriver.remote.webelement.WebElement (session="08223fbac7edabd1a7b0d3780e13a0f1", element="188ff301-9509-4654-befd-b5c294a2d096")&gt;</var>
<kw name="Click Element" library="Selenium2Library">
<arg>//*[@id='gh-cat-box']</arg>
<doc>Click the element identified by ``locator``.</doc>
<msg timestamp="20220802 23:16:19.208" level="INFO">Clicking element '//*[@id='gh-cat-box']'.</msg>
<status status="PASS" starttime="20220802 23:16:19.207" endtime="20220802 23:16:19.307"/>
</kw>
<kw name="Sleep" library="BuiltIn">
<arg>1s</arg>
<doc>Pauses the test executed for the given time.</doc>
<msg timestamp="20220802 23:16:20.310" level="INFO">Slept 1 second</msg>
<status status="PASS" starttime="20220802 23:16:19.308" endtime="20220802 23:16:20.310"/>
</kw>
<kw name="Click Element" library="Selenium2Library">
<arg>${category}</arg>
<doc>Click the element identified by ``locator``.</doc>
<msg timestamp="20220802 23:16:20.312" level="INFO">Clicking element '&lt;selenium.webdriver.remote.webelement.WebElement (session="08223fbac7edabd1a7b0d3780e13a0f1", element="188ff301-9509-4654-befd-b5c294a2d096")&gt;'.</msg>
<status status="PASS" starttime="20220802 23:16:20.311" endtime="20220802 23:16:20.372"/>
</kw>
<kw name="Sleep" library="BuiltIn">
<arg>1s</arg>
<doc>Pauses the test executed for the given time.</doc>
<msg timestamp="20220802 23:16:21.388" level="INFO">Slept 1 second</msg>
<status status="PASS" starttime="20220802 23:16:20.373" endtime="20220802 23:16:21.388"/>
</kw>
<kw name="Click Element" library="Selenium2Library">
<arg>//input[@value='Search']</arg>
<arg>CTRL</arg>
<doc>Click the element identified by ``locator``.</doc>
<msg timestamp="20220802 23:16:21.390" level="INFO">Clicking element '//input[@value='Search']' with CTRL.</msg>
<status status="PASS" starttime="20220802 23:16:21.389" endtime="20220802 23:16:21.723"/>
</kw>
<kw name="Switch Window" library="Selenium2Library">
<arg>NEW</arg>
<doc>Switches to browser window matching ``locator``.</doc>
<status status="PASS" starttime="20220802 23:16:21.723" endtime="20220802 23:16:21.746"/>
</kw>
<kw name="Wait Until Element Is Visible" library="Selenium2Library">
<arg>${TitleName}</arg>
<doc>Waits until the element ``locator`` is visible.</doc>
<status status="PASS" starttime="20220802 23:16:21.747" endtime="20220802 23:16:24.437"/>
</kw>
<kw name="Close Window" library="Selenium2Library">
<doc>Closes currently opened and selected browser window/tab.</doc>
<status status="PASS" starttime="20220802 23:16:24.437" endtime="20220802 23:16:24.563"/>
</kw>
<kw name="Switch Window" library="Selenium2Library">
<arg>MAIN</arg>
<doc>Switches to browser window matching ``locator``.</doc>
<status status="PASS" starttime="20220802 23:16:24.563" endtime="20220802 23:16:24.580"/>
</kw>
<status status="PASS" starttime="20220802 23:16:19.207" endtime="20220802 23:16:24.580"/>
</iter>
<iter>
<var name="${category}">&lt;selenium.webdriver.remote.webelement.WebElement (session="08223fbac7edabd1a7b0d3780e13a0f1", element="23de2944-c580-4022-97a9-1278941a5258")&gt;</var>
<kw name="Click Element" library="Selenium2Library">
<arg>//*[@id='gh-cat-box']</arg>
<doc>Click the element identified by ``locator``.</doc>
<msg timestamp="20220802 23:16:24.581" level="INFO">Clicking element '//*[@id='gh-cat-box']'.</msg>
<status status="PASS" starttime="20220802 23:16:24.580" endtime="20220802 23:16:24.676"/>
</kw>
<kw name="Sleep" library="BuiltIn">
<arg>1s</arg>
<doc>Pauses the test executed for the given time.</doc>
<msg timestamp="20220802 23:16:25.678" level="INFO">Slept 1 second</msg>
<status status="PASS" starttime="20220802 23:16:24.676" endtime="20220802 23:16:25.678"/>
</kw>
<kw name="Click Element" library="Selenium2Library">
<arg>${category}</arg>
<doc>Click the element identified by ``locator``.</doc>
<msg timestamp="20220802 23:16:25.679" level="INFO">Clicking element '&lt;selenium.webdriver.remote.webelement.WebElement (session="08223fbac7edabd1a7b0d3780e13a0f1", element="23de2944-c580-4022-97a9-1278941a5258")&gt;'.</msg>
<status status="PASS" starttime="20220802 23:16:25.678" endtime="20220802 23:16:25.727"/>
</kw>
<kw name="Sleep" library="BuiltIn">
<arg>1s</arg>
<doc>Pauses the test executed for the given time.</doc>
<msg timestamp="20220802 23:16:26.739" level="INFO">Slept 1 second</msg>
<status status="PASS" starttime="20220802 23:16:25.728" endtime="20220802 23:16:26.739"/>
</kw>
<kw name="Click Element" library="Selenium2Library">
<arg>//input[@value='Search']</arg>
<arg>CTRL</arg>
<doc>Click the element identified by ``locator``.</doc>
<msg timestamp="20220802 23:16:26.741" level="INFO">Clicking element '//input[@value='Search']' with CTRL.</msg>
<status status="PASS" starttime="20220802 23:16:26.740" endtime="20220802 23:16:27.090"/>
</kw>
<kw name="Switch Window" library="Selenium2Library">
<arg>NEW</arg>
<doc>Switches to browser window matching ``locator``.</doc>
<status status="PASS" starttime="20220802 23:16:27.090" endtime="20220802 23:16:27.116"/>
</kw>
<kw name="Wait Until Element Is Visible" library="Selenium2Library">
<arg>${TitleName}</arg>
<doc>Waits until the element ``locator`` is visible.</doc>
<status status="PASS" starttime="20220802 23:16:27.117" endtime="20220802 23:16:29.358"/>
</kw>
<kw name="Close Window" library="Selenium2Library">
<doc>Closes currently opened and selected browser window/tab.</doc>
<status status="PASS" starttime="20220802 23:16:29.358" endtime="20220802 23:16:29.432"/>
</kw>
<kw name="Switch Window" library="Selenium2Library">
<arg>MAIN</arg>
<doc>Switches to browser window matching ``locator``.</doc>
<status status="PASS" starttime="20220802 23:16:29.432" endtime="20220802 23:16:29.442"/>
</kw>
<status status="PASS" starttime="20220802 23:16:24.580" endtime="20220802 23:16:29.442"/>
</iter>
<iter>
<var name="${category}">&lt;selenium.webdriver.remote.webelement.WebElement (session="08223fbac7edabd1a7b0d3780e13a0f1", element="c3cfc67b-7c4e-4d5d-bfbe-a932d25e1537")&gt;</var>
<kw name="Click Element" library="Selenium2Library">
<arg>//*[@id='gh-cat-box']</arg>
<doc>Click the element identified by ``locator``.</doc>
<msg timestamp="20220802 23:16:29.443" level="INFO">Clicking element '//*[@id='gh-cat-box']'.</msg>
<status status="PASS" starttime="20220802 23:16:29.442" endtime="20220802 23:16:29.514"/>
</kw>
<kw name="Sleep" library="BuiltIn">
<arg>1s</arg>
<doc>Pauses the test executed for the given time.</doc>
<msg timestamp="20220802 23:16:30.517" level="INFO">Slept 1 second</msg>
<status status="PASS" starttime="20220802 23:16:29.515" endtime="20220802 23:16:30.517"/>
</kw>
<kw name="Click Element" library="Selenium2Library">
<arg>${category}</arg>
<doc>Click the element identified by ``locator``.</doc>
<msg timestamp="20220802 23:16:30.519" level="INFO">Clicking element '&lt;selenium.webdriver.remote.webelement.WebElement (session="08223fbac7edabd1a7b0d3780e13a0f1", element="c3cfc67b-7c4e-4d5d-bfbe-a932d25e1537")&gt;'.</msg>
<status status="PASS" starttime="20220802 23:16:30.517" endtime="20220802 23:16:30.575"/>
</kw>
<kw name="Sleep" library="BuiltIn">
<arg>1s</arg>
<doc>Pauses the test executed for the given time.</doc>
<msg timestamp="20220802 23:16:31.579" level="INFO">Slept 1 second</msg>
<status status="PASS" starttime="20220802 23:16:30.575" endtime="20220802 23:16:31.579"/>
</kw>
<kw name="Click Element" library="Selenium2Library">
<arg>//input[@value='Search']</arg>
<arg>CTRL</arg>
<doc>Click the element identified by ``locator``.</doc>
<msg timestamp="20220802 23:16:31.581" level="INFO">Clicking element '//input[@value='Search']' with CTRL.</msg>
<status status="PASS" starttime="20220802 23:16:31.580" endtime="20220802 23:16:31.937"/>
</kw>
<kw name="Switch Window" library="Selenium2Library">
<arg>NEW</arg>
<doc>Switches to browser window matching ``locator``.</doc>
<status status="PASS" starttime="20220802 23:16:31.937" endtime="20220802 23:16:31.963"/>
</kw>
<kw name="Wait Until Element Is Visible" library="Selenium2Library">
<arg>${TitleName}</arg>
<doc>Waits until the element ``locator`` is visible.</doc>
<status status="PASS" starttime="20220802 23:16:31.963" endtime="20220802 23:16:34.317"/>
</kw>
<kw name="Close Window" library="Selenium2Library">
<doc>Closes currently opened and selected browser window/tab.</doc>
<status status="PASS" starttime="20220802 23:16:34.317" endtime="20220802 23:16:34.401"/>
</kw>
<kw name="Switch Window" library="Selenium2Library">
<arg>MAIN</arg>
<doc>Switches to browser window matching ``locator``.</doc>
<status status="PASS" starttime="20220802 23:16:34.401" endtime="20220802 23:16:34.418"/>
</kw>
<status status="PASS" starttime="20220802 23:16:29.442" endtime="20220802 23:16:34.418"/>
</iter>
<iter>
<var name="${category}">&lt;selenium.webdriver.remote.webelement.WebElement (session="08223fbac7edabd1a7b0d3780e13a0f1", element="6fbd7af3-1b39-4195-b09a-719db065cfca")&gt;</var>
<kw name="Click Element" library="Selenium2Library">
<arg>//*[@id='gh-cat-box']</arg>
<doc>Click the element identified by ``locator``.</doc>
<msg timestamp="20220802 23:16:34.419" level="INFO">Clicking element '//*[@id='gh-cat-box']'.</msg>
<status status="PASS" starttime="20220802 23:16:34.418" endtime="20220802 23:16:34.555"/>
</kw>
<kw name="Sleep" library="BuiltIn">
<arg>1s</arg>
<doc>Pauses the test executed for the given time.</doc>
<msg timestamp="20220802 23:16:35.559" level="INFO">Slept 1 second</msg>
<status status="PASS" starttime="20220802 23:16:34.555" endtime="20220802 23:16:35.559"/>
</kw>
<kw name="Click Element" library="Selenium2Library">
<arg>${category}</arg>
<doc>Click the element identified by ``locator``.</doc>
<msg timestamp="20220802 23:16:35.561" level="INFO">Clicking element '&lt;selenium.webdriver.remote.webelement.WebElement (session="08223fbac7edabd1a7b0d3780e13a0f1", element="6fbd7af3-1b39-4195-b09a-719db065cfca")&gt;'.</msg>
<status status="PASS" starttime="20220802 23:16:35.559" endtime="20220802 23:16:35.625"/>
</kw>
<kw name="Sleep" library="BuiltIn">
<arg>1s</arg>
<doc>Pauses the test executed for the given time.</doc>
<msg timestamp="20220802 23:16:36.640" level="INFO">Slept 1 second</msg>
<status status="PASS" starttime="20220802 23:16:35.626" endtime="20220802 23:16:36.640"/>
</kw>
<kw name="Click Element" library="Selenium2Library">
<arg>//input[@value='Search']</arg>
<arg>CTRL</arg>
<doc>Click the element identified by ``locator``.</doc>
<msg timestamp="20220802 23:16:36.642" level="INFO">Clicking element '//input[@value='Search']' with CTRL.</msg>
<status status="PASS" starttime="20220802 23:16:36.641" endtime="20220802 23:16:36.971"/>
</kw>
<kw name="Switch Window" library="Selenium2Library">
<arg>NEW</arg>
<doc>Switches to browser window matching ``locator``.</doc>
<status status="PASS" starttime="20220802 23:16:36.971" endtime="20220802 23:16:36.996"/>
</kw>
<kw name="Wait Until Element Is Visible" library="Selenium2Library">
<arg>${TitleName}</arg>
<doc>Waits until the element ``locator`` is visible.</doc>
<status status="PASS" starttime="20220802 23:16:36.996" endtime="20220802 23:16:39.280"/>
</kw>
<kw name="Close Window" library="Selenium2Library">
<doc>Closes currently opened and selected browser window/tab.</doc>
<status status="PASS" starttime="20220802 23:16:39.280" endtime="20220802 23:16:39.364"/>
</kw>
<kw name="Switch Window" library="Selenium2Library">
<arg>MAIN</arg>
<doc>Switches to browser window matching ``locator``.</doc>
<status status="PASS" starttime="20220802 23:16:39.364" endtime="20220802 23:16:39.382"/>
</kw>
<status status="PASS" starttime="20220802 23:16:34.418" endtime="20220802 23:16:39.382"/>
</iter>
<iter>
<var name="${category}">&lt;selenium.webdriver.remote.webelement.WebElement (session="08223fbac7edabd1a7b0d3780e13a0f1", element="2666ebc8-3a8f-47c0-a286-b61e1c29cab1")&gt;</var>
<kw name="Click Element" library="Selenium2Library">
<arg>//*[@id='gh-cat-box']</arg>
<doc>Click the element identified by ``locator``.</doc>
<msg timestamp="20220802 23:16:39.383" level="INFO">Clicking element '//*[@id='gh-cat-box']'.</msg>
<status status="PASS" starttime="20220802 23:16:39.383" endtime="20220802 23:16:39.492"/>
</kw>
<kw name="Sleep" library="BuiltIn">
<arg>1s</arg>
<doc>Pauses the test executed for the given time.</doc>
<msg timestamp="20220802 23:16:40.507" level="INFO">Slept 1 second</msg>
<status status="PASS" starttime="20220802 23:16:39.492" endtime="20220802 23:16:40.507"/>
</kw>
<kw name="Click Element" library="Selenium2Library">
<arg>${category}</arg>
<doc>Click the element identified by ``locator``.</doc>
<msg timestamp="20220802 23:16:40.507" level="INFO">Clicking element '&lt;selenium.webdriver.remote.webelement.WebElement (session="08223fbac7edabd1a7b0d3780e13a0f1", element="2666ebc8-3a8f-47c0-a286-b61e1c29cab1")&gt;'.</msg>
<status status="PASS" starttime="20220802 23:16:40.507" endtime="20220802 23:16:40.554"/>
</kw>
<kw name="Sleep" library="BuiltIn">
<arg>1s</arg>
<doc>Pauses the test executed for the given time.</doc>
<msg timestamp="20220802 23:16:41.557" level="INFO">Slept 1 second</msg>
<status status="PASS" starttime="20220802 23:16:40.554" endtime="20220802 23:16:41.557"/>
</kw>
<kw name="Click Element" library="Selenium2Library">
<arg>//input[@value='Search']</arg>
<arg>CTRL</arg>
<doc>Click the element identified by ``locator``.</doc>
<msg timestamp="20220802 23:16:41.559" level="INFO">Clicking element '//input[@value='Search']' with CTRL.</msg>
<status status="PASS" starttime="20220802 23:16:41.558" endtime="20220802 23:16:41.924"/>
</kw>
<kw name="Switch Window" library="Selenium2Library">
<arg>NEW</arg>
<doc>Switches to browser window matching ``locator``.</doc>
<status status="PASS" starttime="20220802 23:16:41.924" endtime="20220802 23:16:41.949"/>
</kw>
<kw name="Wait Until Element Is Visible" library="Selenium2Library">
<arg>${TitleName}</arg>
<doc>Waits until the element ``locator`` is visible.</doc>
<status status="PASS" starttime="20220802 23:16:41.949" endtime="20220802 23:16:44.267"/>
</kw>
<kw name="Close Window" library="Selenium2Library">
<doc>Closes currently opened and selected browser window/tab.</doc>
<status status="PASS" starttime="20220802 23:16:44.267" endtime="20220802 23:16:44.350"/>
</kw>
<kw name="Switch Window" library="Selenium2Library">
<arg>MAIN</arg>
<doc>Switches to browser window matching ``locator``.</doc>
<status status="PASS" starttime="20220802 23:16:44.351" endtime="20220802 23:16:44.365"/>
</kw>
<status status="PASS" starttime="20220802 23:16:39.382" endtime="20220802 23:16:44.365"/>
</iter>
<iter>
<var name="${category}">&lt;selenium.webdriver.remote.webelement.WebElement (session="08223fbac7edabd1a7b0d3780e13a0f1", element="47409c40-12e0-4618-965d-b019fb41da0b")&gt;</var>
<kw name="Click Element" library="Selenium2Library">
<arg>//*[@id='gh-cat-box']</arg>
<doc>Click the element identified by ``locator``.</doc>
<msg timestamp="20220802 23:16:44.366" level="INFO">Clicking element '//*[@id='gh-cat-box']'.</msg>
<status status="PASS" starttime="20220802 23:16:44.366" endtime="20220802 23:16:44.481"/>
</kw>
<kw name="Sleep" library="BuiltIn">
<arg>1s</arg>
<doc>Pauses the test executed for the given time.</doc>
<msg timestamp="20220802 23:16:45.487" level="INFO">Slept 1 second</msg>
<status status="PASS" starttime="20220802 23:16:44.481" endtime="20220802 23:16:45.488"/>
</kw>
<kw name="Click Element" library="Selenium2Library">
<arg>${category}</arg>
<doc>Click the element identified by ``locator``.</doc>
<msg timestamp="20220802 23:16:45.491" level="INFO">Clicking element '&lt;selenium.webdriver.remote.webelement.WebElement (session="08223fbac7edabd1a7b0d3780e13a0f1", element="47409c40-12e0-4618-965d-b019fb41da0b")&gt;'.</msg>
<status status="PASS" starttime="20220802 23:16:45.490" endtime="20220802 23:16:45.573"/>
</kw>
<kw name="Sleep" library="BuiltIn">
<arg>1s</arg>
<doc>Pauses the test executed for the given time.</doc>
<msg timestamp="20220802 23:16:46.585" level="INFO">Slept 1 second</msg>
<status status="PASS" starttime="20220802 23:16:45.573" endtime="20220802 23:16:46.585"/>
</kw>
<kw name="Click Element" library="Selenium2Library">
<arg>//input[@value='Search']</arg>
<arg>CTRL</arg>
<doc>Click the element identified by ``locator``.</doc>
<msg timestamp="20220802 23:16:46.587" level="INFO">Clicking element '//input[@value='Search']' with CTRL.</msg>
<status status="PASS" starttime="20220802 23:16:46.586" endtime="20220802 23:16:46.940"/>
</kw>
<kw name="Switch Window" library="Selenium2Library">
<arg>NEW</arg>
<doc>Switches to browser window matching ``locator``.</doc>
<status status="PASS" starttime="20220802 23:16:46.940" endtime="20220802 23:16:46.967"/>
</kw>
<kw name="Wait Until Element Is Visible" library="Selenium2Library">
<arg>${TitleName}</arg>
<doc>Waits until the element ``locator`` is visible.</doc>
<status status="PASS" starttime="20220802 23:16:46.967" endtime="20220802 23:16:49.387"/>
</kw>
<kw name="Close Window" library="Selenium2Library">
<doc>Closes currently opened and selected browser window/tab.</doc>
<status status="PASS" starttime="20220802 23:16:49.387" endtime="20220802 23:16:49.477"/>
</kw>
<kw name="Switch Window" library="Selenium2Library">
<arg>MAIN</arg>
<doc>Switches to browser window matching ``locator``.</doc>
<status status="PASS" starttime="20220802 23:16:49.478" endtime="20220802 23:16:49.492"/>
</kw>
<status status="PASS" starttime="20220802 23:16:44.366" endtime="20220802 23:16:49.492"/>
</iter>
<iter>
<var name="${category}">&lt;selenium.webdriver.remote.webelement.WebElement (session="08223fbac7edabd1a7b0d3780e13a0f1", element="2db4c31b-fbff-4e1c-a98f-fb87f13f2185")&gt;</var>
<kw name="Click Element" library="Selenium2Library">
<arg>//*[@id='gh-cat-box']</arg>
<doc>Click the element identified by ``locator``.</doc>
<msg timestamp="20220802 23:16:49.493" level="INFO">Clicking element '//*[@id='gh-cat-box']'.</msg>
<status status="PASS" starttime="20220802 23:16:49.493" endtime="20220802 23:16:49.598"/>
</kw>
<kw name="Sleep" library="BuiltIn">
<arg>1s</arg>
<doc>Pauses the test executed for the given time.</doc>
<msg timestamp="20220802 23:16:50.613" level="INFO">Slept 1 second</msg>
<status status="PASS" starttime="20220802 23:16:49.599" endtime="20220802 23:16:50.613"/>
</kw>
<kw name="Click Element" library="Selenium2Library">
<arg>${category}</arg>
<doc>Click the element identified by ``locator``.</doc>
<msg timestamp="20220802 23:16:50.615" level="INFO">Clicking element '&lt;selenium.webdriver.remote.webelement.WebElement (session="08223fbac7edabd1a7b0d3780e13a0f1", element="2db4c31b-fbff-4e1c-a98f-fb87f13f2185")&gt;'.</msg>
<status status="PASS" starttime="20220802 23:16:50.614" endtime="20220802 23:16:50.673"/>
</kw>
<kw name="Sleep" library="BuiltIn">
<arg>1s</arg>
<doc>Pauses the test executed for the given time.</doc>
<msg timestamp="20220802 23:16:51.676" level="INFO">Slept 1 second</msg>
<status status="PASS" starttime="20220802 23:16:50.674" endtime="20220802 23:16:51.676"/>
</kw>
<kw name="Click Element" library="Selenium2Library">
<arg>//input[@value='Search']</arg>
<arg>CTRL</arg>
<doc>Click the element identified by ``locator``.</doc>
<msg timestamp="20220802 23:16:51.678" level="INFO">Clicking element '//input[@value='Search']' with CTRL.</msg>
<status status="PASS" starttime="20220802 23:16:51.677" endtime="20220802 23:16:52.010"/>
</kw>
<kw name="Switch Window" library="Selenium2Library">
<arg>NEW</arg>
<doc>Switches to browser window matching ``locator``.</doc>
<status status="PASS" starttime="20220802 23:16:52.010" endtime="20220802 23:16:52.034"/>
</kw>
<kw name="Wait Until Element Is Visible" library="Selenium2Library">
<arg>${TitleName}</arg>
<doc>Waits until the element ``locator`` is visible.</doc>
<status status="PASS" starttime="20220802 23:16:52.035" endtime="20220802 23:16:54.199"/>
</kw>
<kw name="Close Window" library="Selenium2Library">
<doc>Closes currently opened and selected browser window/tab.</doc>
<status status="PASS" starttime="20220802 23:16:54.199" endtime="20220802 23:16:54.329"/>
</kw>
<kw name="Switch Window" library="Selenium2Library">
<arg>MAIN</arg>
<doc>Switches to browser window matching ``locator``.</doc>
<status status="PASS" starttime="20220802 23:16:54.329" endtime="20220802 23:16:54.341"/>
</kw>
<status status="PASS" starttime="20220802 23:16:49.493" endtime="20220802 23:16:54.341"/>
</iter>
<iter>
<var name="${category}">&lt;selenium.webdriver.remote.webelement.WebElement (session="08223fbac7edabd1a7b0d3780e13a0f1", element="e8020f06-b972-4535-a685-264fb2031c28")&gt;</var>
<kw name="Click Element" library="Selenium2Library">
<arg>//*[@id='gh-cat-box']</arg>
<doc>Click the element identified by ``locator``.</doc>
<msg timestamp="20220802 23:16:54.342" level="INFO">Clicking element '//*[@id='gh-cat-box']'.</msg>
<status status="PASS" starttime="20220802 23:16:54.341" endtime="20220802 23:16:54.446"/>
</kw>
<kw name="Sleep" library="BuiltIn">
<arg>1s</arg>
<doc>Pauses the test executed for the given time.</doc>
<msg timestamp="20220802 23:16:55.450" level="INFO">Slept 1 second</msg>
<status status="PASS" starttime="20220802 23:16:54.446" endtime="20220802 23:16:55.450"/>
</kw>
<kw name="Click Element" library="Selenium2Library">
<arg>${category}</arg>
<doc>Click the element identified by ``locator``.</doc>
<msg timestamp="20220802 23:16:55.452" level="INFO">Clicking element '&lt;selenium.webdriver.remote.webelement.WebElement (session="08223fbac7edabd1a7b0d3780e13a0f1", element="e8020f06-b972-4535-a685-264fb2031c28")&gt;'.</msg>
<status status="PASS" starttime="20220802 23:16:55.451" endtime="20220802 23:16:55.485"/>
</kw>
<kw name="Sleep" library="BuiltIn">
<arg>1s</arg>
<doc>Pauses the test executed for the given time.</doc>
<msg timestamp="20220802 23:16:56.499" level="INFO">Slept 1 second</msg>
<status status="PASS" starttime="20220802 23:16:55.485" endtime="20220802 23:16:56.499"/>
</kw>
<kw name="Click Element" library="Selenium2Library">
<arg>//input[@value='Search']</arg>
<arg>CTRL</arg>
<doc>Click the element identified by ``locator``.</doc>
<msg timestamp="20220802 23:16:56.500" level="INFO">Clicking element '//input[@value='Search']' with CTRL.</msg>
<status status="PASS" starttime="20220802 23:16:56.499" endtime="20220802 23:16:56.841"/>
</kw>
<kw name="Switch Window" library="Selenium2Library">
<arg>NEW</arg>
<doc>Switches to browser window matching ``locator``.</doc>
<status status="PASS" starttime="20220802 23:16:56.842" endtime="20220802 23:16:56.871"/>
</kw>
<kw name="Wait Until Element Is Visible" library="Selenium2Library">
<arg>${TitleName}</arg>
<doc>Waits until the element ``locator`` is visible.</doc>
<status status="PASS" starttime="20220802 23:16:56.872" endtime="20220802 23:16:59.259"/>
</kw>
<kw name="Close Window" library="Selenium2Library">
<doc>Closes currently opened and selected browser window/tab.</doc>
<status status="PASS" starttime="20220802 23:16:59.259" endtime="20220802 23:16:59.347"/>
</kw>
<kw name="Switch Window" library="Selenium2Library">
<arg>MAIN</arg>
<doc>Switches to browser window matching ``locator``.</doc>
<status status="PASS" starttime="20220802 23:16:59.348" endtime="20220802 23:16:59.364"/>
</kw>
<status status="PASS" starttime="20220802 23:16:54.341" endtime="20220802 23:16:59.364"/>
</iter>
<iter>
<var name="${category}">&lt;selenium.webdriver.remote.webelement.WebElement (session="08223fbac7edabd1a7b0d3780e13a0f1", element="260ba10d-ea17-4b98-aa6f-906ee4685871")&gt;</var>
<kw name="Click Element" library="Selenium2Library">
<arg>//*[@id='gh-cat-box']</arg>
<doc>Click the element identified by ``locator``.</doc>
<msg timestamp="20220802 23:16:59.366" level="INFO">Clicking element '//*[@id='gh-cat-box']'.</msg>
<status status="PASS" starttime="20220802 23:16:59.365" endtime="20220802 23:16:59.473"/>
</kw>
<kw name="Sleep" library="BuiltIn">
<arg>1s</arg>
<doc>Pauses the test executed for the given time.</doc>
<msg timestamp="20220802 23:17:00.486" level="INFO">Slept 1 second</msg>
<status status="PASS" starttime="20220802 23:16:59.473" endtime="20220802 23:17:00.486"/>
</kw>
<kw name="Click Element" library="Selenium2Library">
<arg>${category}</arg>
<doc>Click the element identified by ``locator``.</doc>
<msg timestamp="20220802 23:17:00.487" level="INFO">Clicking element '&lt;selenium.webdriver.remote.webelement.WebElement (session="08223fbac7edabd1a7b0d3780e13a0f1", element="260ba10d-ea17-4b98-aa6f-906ee4685871")&gt;'.</msg>
<status status="PASS" starttime="20220802 23:17:00.486" endtime="20220802 23:17:00.512"/>
</kw>
<kw name="Sleep" library="BuiltIn">
<arg>1s</arg>
<doc>Pauses the test executed for the given time.</doc>
<msg timestamp="20220802 23:17:01.514" level="INFO">Slept 1 second</msg>
<status status="PASS" starttime="20220802 23:17:00.512" endtime="20220802 23:17:01.516"/>
</kw>
<kw name="Click Element" library="Selenium2Library">
<arg>//input[@value='Search']</arg>
<arg>CTRL</arg>
<doc>Click the element identified by ``locator``.</doc>
<msg timestamp="20220802 23:17:01.518" level="INFO">Clicking element '//input[@value='Search']' with CTRL.</msg>
<status status="PASS" starttime="20220802 23:17:01.517" endtime="20220802 23:17:01.865"/>
</kw>
<kw name="Switch Window" library="Selenium2Library">
<arg>NEW</arg>
<doc>Switches to browser window matching ``locator``.</doc>
<status status="PASS" starttime="20220802 23:17:01.865" endtime="20220802 23:17:01.889"/>
</kw>
<kw name="Wait Until Element Is Visible" library="Selenium2Library">
<arg>${TitleName}</arg>
<doc>Waits until the element ``locator`` is visible.</doc>
<status status="PASS" starttime="20220802 23:17:01.890" endtime="20220802 23:17:04.406"/>
</kw>
<kw name="Close Window" library="Selenium2Library">
<doc>Closes currently opened and selected browser window/tab.</doc>
<status status="PASS" starttime="20220802 23:17:04.406" endtime="20220802 23:17:04.539"/>
</kw>
<kw name="Switch Window" library="Selenium2Library">
<arg>MAIN</arg>
<doc>Switches to browser window matching ``locator``.</doc>
<status status="PASS" starttime="20220802 23:17:04.539" endtime="20220802 23:17:04.554"/>
</kw>
<status status="PASS" starttime="20220802 23:16:59.365" endtime="20220802 23:17:04.554"/>
</iter>
<iter>
<var name="${category}">&lt;selenium.webdriver.remote.webelement.WebElement (session="08223fbac7edabd1a7b0d3780e13a0f1", element="39d9f846-24d5-40aa-a89b-7ff374315bde")&gt;</var>
<kw name="Click Element" library="Selenium2Library">
<arg>//*[@id='gh-cat-box']</arg>
<doc>Click the element identified by ``locator``.</doc>
<msg timestamp="20220802 23:17:04.554" level="INFO">Clicking element '//*[@id='gh-cat-box']'.</msg>
<status status="PASS" starttime="20220802 23:17:04.554" endtime="20220802 23:17:04.666"/>
</kw>
<kw name="Sleep" library="BuiltIn">
<arg>1s</arg>
<doc>Pauses the test executed for the given time.</doc>
<msg timestamp="20220802 23:17:05.673" level="INFO">Slept 1 second</msg>
<status status="PASS" starttime="20220802 23:17:04.666" endtime="20220802 23:17:05.673"/>
</kw>
<kw name="Click Element" library="Selenium2Library">
<arg>${category}</arg>
<doc>Click the element identified by ``locator``.</doc>
<msg timestamp="20220802 23:17:05.675" level="INFO">Clicking element '&lt;selenium.webdriver.remote.webelement.WebElement (session="08223fbac7edabd1a7b0d3780e13a0f1", element="39d9f846-24d5-40aa-a89b-7ff374315bde")&gt;'.</msg>
<status status="PASS" starttime="20220802 23:17:05.674" endtime="20220802 23:17:05.729"/>
</kw>
<kw name="Sleep" library="BuiltIn">
<arg>1s</arg>
<doc>Pauses the test executed for the given time.</doc>
<msg timestamp="20220802 23:17:06.733" level="INFO">Slept 1 second</msg>
<status status="PASS" starttime="20220802 23:17:05.730" endtime="20220802 23:17:06.733"/>
</kw>
<kw name="Click Element" library="Selenium2Library">
<arg>//input[@value='Search']</arg>
<arg>CTRL</arg>
<doc>Click the element identified by ``locator``.</doc>
<msg timestamp="20220802 23:17:06.734" level="INFO">Clicking element '//input[@value='Search']' with CTRL.</msg>
<status status="PASS" starttime="20220802 23:17:06.733" endtime="20220802 23:17:07.053"/>
</kw>
<kw name="Switch Window" library="Selenium2Library">
<arg>NEW</arg>
<doc>Switches to browser window matching ``locator``.</doc>
<status status="PASS" starttime="20220802 23:17:07.053" endtime="20220802 23:17:07.079"/>
</kw>
<kw name="Wait Until Element Is Visible" library="Selenium2Library">
<arg>${TitleName}</arg>
<doc>Waits until the element ``locator`` is visible.</doc>
<status status="PASS" starttime="20220802 23:17:07.079" endtime="20220802 23:17:09.307"/>
</kw>
<kw name="Close Window" library="Selenium2Library">
<doc>Closes currently opened and selected browser window/tab.</doc>
<status status="PASS" starttime="20220802 23:17:09.307" endtime="20220802 23:17:09.435"/>
</kw>
<kw name="Switch Window" library="Selenium2Library">
<arg>MAIN</arg>
<doc>Switches to browser window matching ``locator``.</doc>
<status status="PASS" starttime="20220802 23:17:09.435" endtime="20220802 23:17:09.448"/>
</kw>
<status status="PASS" starttime="20220802 23:17:04.554" endtime="20220802 23:17:09.448"/>
</iter>
<iter>
<var name="${category}">&lt;selenium.webdriver.remote.webelement.WebElement (session="08223fbac7edabd1a7b0d3780e13a0f1", element="7aac6c26-eec1-49b0-8573-e7185683ff03")&gt;</var>
<kw name="Click Element" library="Selenium2Library">
<arg>//*[@id='gh-cat-box']</arg>
<doc>Click the element identified by ``locator``.</doc>
<msg timestamp="20220802 23:17:09.449" level="INFO">Clicking element '//*[@id='gh-cat-box']'.</msg>
<status status="PASS" starttime="20220802 23:17:09.448" endtime="20220802 23:17:09.554"/>
</kw>
<kw name="Sleep" library="BuiltIn">
<arg>1s</arg>
<doc>Pauses the test executed for the given time.</doc>
<msg timestamp="20220802 23:17:10.557" level="INFO">Slept 1 second</msg>
<status status="PASS" starttime="20220802 23:17:09.555" endtime="20220802 23:17:10.558"/>
</kw>
<kw name="Click Element" library="Selenium2Library">
<arg>${category}</arg>
<doc>Click the element identified by ``locator``.</doc>
<msg timestamp="20220802 23:17:10.560" level="INFO">Clicking element '&lt;selenium.webdriver.remote.webelement.WebElement (session="08223fbac7edabd1a7b0d3780e13a0f1", element="7aac6c26-eec1-49b0-8573-e7185683ff03")&gt;'.</msg>
<status status="PASS" starttime="20220802 23:17:10.558" endtime="20220802 23:17:10.619"/>
</kw>
<kw name="Sleep" library="BuiltIn">
<arg>1s</arg>
<doc>Pauses the test executed for the given time.</doc>
<msg timestamp="20220802 23:17:11.624" level="INFO">Slept 1 second</msg>
<status status="PASS" starttime="20220802 23:17:10.619" endtime="20220802 23:17:11.625"/>
</kw>
<kw name="Click Element" library="Selenium2Library">
<arg>//input[@value='Search']</arg>
<arg>CTRL</arg>
<doc>Click the element identified by ``locator``.</doc>
<msg timestamp="20220802 23:17:11.626" level="INFO">Clicking element '//input[@value='Search']' with CTRL.</msg>
<status status="PASS" starttime="20220802 23:17:11.625" endtime="20220802 23:17:11.973"/>
</kw>
<kw name="Switch Window" library="Selenium2Library">
<arg>NEW</arg>
<doc>Switches to browser window matching ``locator``.</doc>
<status status="PASS" starttime="20220802 23:17:11.973" endtime="20220802 23:17:11.997"/>
</kw>
<kw name="Wait Until Element Is Visible" library="Selenium2Library">
<arg>${TitleName}</arg>
<doc>Waits until the element ``locator`` is visible.</doc>
<status status="PASS" starttime="20220802 23:17:11.998" endtime="20220802 23:17:14.376"/>
</kw>
<kw name="Close Window" library="Selenium2Library">
<doc>Closes currently opened and selected browser window/tab.</doc>
<status status="PASS" starttime="20220802 23:17:14.376" endtime="20220802 23:17:14.459"/>
</kw>
<kw name="Switch Window" library="Selenium2Library">
<arg>MAIN</arg>
<doc>Switches to browser window matching ``locator``.</doc>
<status status="PASS" starttime="20220802 23:17:14.459" endtime="20220802 23:17:14.474"/>
</kw>
<status status="PASS" starttime="20220802 23:17:09.448" endtime="20220802 23:17:14.474"/>
</iter>
<iter>
<var name="${category}">&lt;selenium.webdriver.remote.webelement.WebElement (session="08223fbac7edabd1a7b0d3780e13a0f1", element="c172e45e-7b34-4324-86d6-d11129174d88")&gt;</var>
<kw name="Click Element" library="Selenium2Library">
<arg>//*[@id='gh-cat-box']</arg>
<doc>Click the element identified by ``locator``.</doc>
<msg timestamp="20220802 23:17:14.476" level="INFO">Clicking element '//*[@id='gh-cat-box']'.</msg>
<status status="PASS" starttime="20220802 23:17:14.475" endtime="20220802 23:17:14.578"/>
</kw>
<kw name="Sleep" library="BuiltIn">
<arg>1s</arg>
<doc>Pauses the test executed for the given time.</doc>
<msg timestamp="20220802 23:17:15.590" level="INFO">Slept 1 second</msg>
<status status="PASS" starttime="20220802 23:17:14.579" endtime="20220802 23:17:15.591"/>
</kw>
<kw name="Click Element" library="Selenium2Library">
<arg>${category}</arg>
<doc>Click the element identified by ``locator``.</doc>
<msg timestamp="20220802 23:17:15.594" level="INFO">Clicking element '&lt;selenium.webdriver.remote.webelement.WebElement (session="08223fbac7edabd1a7b0d3780e13a0f1", element="c172e45e-7b34-4324-86d6-d11129174d88")&gt;'.</msg>
<status status="PASS" starttime="20220802 23:17:15.592" endtime="20220802 23:17:15.663"/>
</kw>
<kw name="Sleep" library="BuiltIn">
<arg>1s</arg>
<doc>Pauses the test executed for the given time.</doc>
<msg timestamp="20220802 23:17:16.666" level="INFO">Slept 1 second</msg>
<status status="PASS" starttime="20220802 23:17:15.663" endtime="20220802 23:17:16.666"/>
</kw>
<kw name="Click Element" library="Selenium2Library">
<arg>//input[@value='Search']</arg>
<arg>CTRL</arg>
<doc>Click the element identified by ``locator``.</doc>
<msg timestamp="20220802 23:17:16.666" level="INFO">Clicking element '//input[@value='Search']' with CTRL.</msg>
<status status="PASS" starttime="20220802 23:17:16.666" endtime="20220802 23:17:16.981"/>
</kw>
<kw name="Switch Window" library="Selenium2Library">
<arg>NEW</arg>
<doc>Switches to browser window matching ``locator``.</doc>
<status status="PASS" starttime="20220802 23:17:16.981" endtime="20220802 23:17:17.006"/>
</kw>
[...]
<doc>Pauses the test executed for the given time.</doc>
<msg timestamp="20220802 23:17:32.594" level="INFO">Slept 1 second</msg>
<status status="PASS" starttime="20220802 23:17:31.588" endtime="20220802 23:17:32.595"/>
</kw>
<kw name="Click Element" library="Selenium2Library">
<arg>//input[@value='Search']</arg>
<arg>CTRL</arg>
<doc>Click the element identified by ``locator``.</doc>
<msg timestamp="20220802 23:17:32.597" level="INFO">Clicking element '//input[@value='Search']' with CTRL.</msg>
<status status="PASS" starttime="20220802 23:17:32.595" endtime="20220802 23:17:32.928"/>
</kw>
<kw name="Switch Window" library="Selenium2Library">
<arg>NEW</arg>
<doc>Switches to browser window matching ``locator``.</doc>
<status status="PASS" starttime="20220802 23:17:32.928" endtime="20220802 23:17:32.954"/>
</kw>
<kw name="Wait Until Element Is Visible" library="Selenium2Library">
<arg>${TitleName}</arg>
<doc>Waits until the element ``locator`` is visible.</doc>
<status status="PASS" starttime="20220802 23:17:32.955" endtime="20220802 23:17:35.388"/>
</kw>
<kw name="Close Window" library="Selenium2Library">
<doc>Closes currently opened and selected browser window/tab.</doc>
<status status="PASS" starttime="20220802 23:17:35.388" endtime="20220802 23:17:35.468"/>
</kw>
<kw name="Switch Window" library="Selenium2Library">
<arg>MAIN</arg>
<doc>Switches to browser window matching ``locator``.</doc>
<status status="PASS" starttime="20220802 23:17:35.468" endtime="20220802 23:17:35.483"/>
</kw>
<status status="PASS" starttime="20220802 23:17:30.427" endtime="20220802 23:17:35.484"/>
</iter>
<iter>
<var name="${category}">&lt;selenium.webdriver.remote.webelement.WebElement (session="08223fbac7edabd1a7b0d3780e13a0f1", element="62fec0dd-a58f-4ed2-a23c-c41dc14fc123")&gt;</var>
<kw name="Click Element" library="Selenium2Library">
<arg>//*[@id='gh-cat-box']</arg>
<doc>Click the element identified by ``locator``.</doc>
<msg timestamp="20220802 23:17:35.485" level="INFO">Clicking element '//*[@id='gh-cat-box']'.</msg>
<status status="PASS" starttime="20220802 23:17:35.484" endtime="20220802 23:17:35.579"/>
</kw>
<kw name="Sleep" library="BuiltIn">
<arg>1s</arg>
<doc>Pauses the test executed for the given time.</doc>
<msg timestamp="20220802 23:17:36.584" level="INFO">Slept 1 second</msg>
<status status="PASS" starttime="20220802 23:17:35.580" endtime="20220802 23:17:36.585"/>
</kw>
<kw name="Click Element" library="Selenium2Library">
<arg>${category}</arg>
<doc>Click the element identified by ``locator``.</doc>
<msg timestamp="20220802 23:17:36.587" level="INFO">Clicking element '&lt;selenium.webdriver.remote.webelement.WebElement (session="08223fbac7edabd1a7b0d3780e13a0f1", element="62fec0dd-a58f-4ed2-a23c-c41dc14fc123")&gt;'.</msg>
<status status="PASS" starttime="20220802 23:17:36.585" endtime="20220802 23:17:36.642"/>
</kw>
<kw name="Sleep" library="BuiltIn">
<arg>1s</arg>
<doc>Pauses the test executed for the given time.</doc>
<msg timestamp="20220802 23:17:37.651" level="INFO">Slept 1 second</msg>
<status status="PASS" starttime="20220802 23:17:36.642" endtime="20220802 23:17:37.651"/>
</kw>
<kw name="Click Element" library="Selenium2Library">
<arg>//input[@value='Search']</arg>
<arg>CTRL</arg>
<doc>Click the element identified by ``locator``.</doc>
<msg timestamp="20220802 23:17:37.653" level="INFO">Clicking element '//input[@value='Search']' with CTRL.</msg>
<status status="PASS" starttime="20220802 23:17:37.652" endtime="20220802 23:17:37.988"/>
</kw>
<kw name="Switch Window" library="Selenium2Library">
<arg>NEW</arg>
<doc>Switches to browser window matching ``locator``.</doc>
<status status="PASS" starttime="20220802 23:17:37.989" endtime="20220802 23:17:38.014"/>
</kw>
<kw name="Wait Until Element Is Visible" library="Selenium2Library">
<arg>${TitleName}</arg>
<doc>Waits until the element ``locator`` is visible.</doc>
<status status="PASS" starttime="20220802 23:17:38.014" endtime="20220802 23:17:40.599"/>
</kw>
<kw name="Close Window" library="Selenium2Library">
<doc>Closes currently opened and selected browser window/tab.</doc>
<status status="PASS" starttime="20220802 23:17:40.599" endtime="20220802 23:17:40.687"/>
</kw>
<kw name="Switch Window" library="Selenium2Library">
<arg>MAIN</arg>
<doc>Switches to browser window matching ``locator``.</doc>
<status status="PASS" starttime="20220802 23:17:40.687" endtime="20220802 23:17:40.705"/>
</kw>
<status status="PASS" starttime="20220802 23:17:35.484" endtime="20220802 23:17:40.705"/>
</iter>
<iter>
<var name="${category}">&lt;selenium.webdriver.remote.webelement.WebElement (session="08223fbac7edabd1a7b0d3780e13a0f1", element="ee5e18b6-be89-4ec0-8ea6-b5b2a1c8aa7b")&gt;</var>
<kw name="Click Element" library="Selenium2Library">
<arg>//*[@id='gh-cat-box']</arg>
<doc>Click the element identified by ``locator``.</doc>
<msg timestamp="20220802 23:17:40.706" level="INFO">Clicking element '//*[@id='gh-cat-box']'.</msg>
<status status="PASS" starttime="20220802 23:17:40.706" endtime="20220802 23:17:40.841"/>
</kw>
<kw name="Sleep" library="BuiltIn">
<arg>1s</arg>
<doc>Pauses the test executed for the given time.</doc>
<msg timestamp="20220802 23:17:41.856" level="INFO">Slept 1 second</msg>
<status status="PASS" starttime="20220802 23:17:40.841" endtime="20220802 23:17:41.856"/>
</kw>
<kw name="Click Element" library="Selenium2Library">
<arg>${category}</arg>
<doc>Click the element identified by ``locator``.</doc>
<msg timestamp="20220802 23:17:41.858" level="INFO">Clicking element '&lt;selenium.webdriver.remote.webelement.WebElement (session="08223fbac7edabd1a7b0d3780e13a0f1", element="ee5e18b6-be89-4ec0-8ea6-b5b2a1c8aa7b")&gt;'.</msg>
<status status="PASS" starttime="20220802 23:17:41.857" endtime="20220802 23:17:41.912"/>
</kw>
<kw name="Sleep" library="BuiltIn">
<arg>1s</arg>
<doc>Pauses the test executed for the given time.</doc>
<msg timestamp="20220802 23:17:42.924" level="INFO">Slept 1 second</msg>
<status status="PASS" starttime="20220802 23:17:41.912" endtime="20220802 23:17:42.924"/>
</kw>
<kw name="Click Element" library="Selenium2Library">
<arg>//input[@value='Search']</arg>
<arg>CTRL</arg>
<doc>Click the element identified by ``locator``.</doc>
<msg timestamp="20220802 23:17:42.927" level="INFO">Clicking element '//input[@value='Search']' with CTRL.</msg>
<status status="PASS" starttime="20220802 23:17:42.925" endtime="20220802 23:17:43.270"/>
</kw>
<kw name="Switch Window" library="Selenium2Library">
<arg>NEW</arg>
<doc>Switches to browser window matching ``locator``.</doc>
<status status="PASS" starttime="20220802 23:17:43.270" endtime="20220802 23:17:43.299"/>
</kw>
<kw name="Wait Until Element Is Visible" library="Selenium2Library">
<arg>${TitleName}</arg>
<doc>Waits until the element ``locator`` is visible.</doc>
<status status="PASS" starttime="20220802 23:17:43.299" endtime="20220802 23:17:45.816"/>
</kw>
<kw name="Close Window" library="Selenium2Library">
<doc>Closes currently opened and selected browser window/tab.</doc>
<status status="PASS" starttime="20220802 23:17:45.816" endtime="20220802 23:17:45.893"/>
</kw>
<kw name="Switch Window" library="Selenium2Library">
<arg>MAIN</arg>
<doc>Switches to browser window matching ``locator``.</doc>
<status status="PASS" starttime="20220802 23:17:45.893" endtime="20220802 23:17:45.908"/>
</kw>
<status status="PASS" starttime="20220802 23:17:40.705" endtime="20220802 23:17:45.908"/>
</iter>
<iter>
<var name="${category}">&lt;selenium.webdriver.remote.webelement.WebElement (session="08223fbac7edabd1a7b0d3780e13a0f1", element="f09db862-06d7-4173-a16c-b1280625e3a6")&gt;</var>
<kw name="Click Element" library="Selenium2Library">
<arg>//*[@id='gh-cat-box']</arg>
<doc>Click the element identified by ``locator``.</doc>
<msg timestamp="20220802 23:17:45.910" level="INFO">Clicking element '//*[@id='gh-cat-box']'.</msg>
<status status="PASS" starttime="20220802 23:17:45.909" endtime="20220802 23:17:46.000"/>
</kw>
<kw name="Sleep" library="BuiltIn">
<arg>1s</arg>
<doc>Pauses the test executed for the given time.</doc>
<msg timestamp="20220802 23:17:47.014" level="INFO">Slept 1 second</msg>
<status status="PASS" starttime="20220802 23:17:46.000" endtime="20220802 23:17:47.014"/>
</kw>
<kw name="Click Element" library="Selenium2Library">
<arg>${category}</arg>
<doc>Click the element identified by ``locator``.</doc>
<msg timestamp="20220802 23:17:47.014" level="INFO">Clicking element '&lt;selenium.webdriver.remote.webelement.WebElement (session="08223fbac7edabd1a7b0d3780e13a0f1", element="f09db862-06d7-4173-a16c-b1280625e3a6")&gt;'.</msg>
<status status="PASS" starttime="20220802 23:17:47.014" endtime="20220802 23:17:47.051"/>
</kw>
<kw name="Sleep" library="BuiltIn">
<arg>1s</arg>
<doc>Pauses the test executed for the given time.</doc>
<msg timestamp="20220802 23:17:48.059" level="INFO">Slept 1 second</msg>
<status status="PASS" starttime="20220802 23:17:47.051" endtime="20220802 23:17:48.060"/>
</kw>
<kw name="Click Element" library="Selenium2Library">
<arg>//input[@value='Search']</arg>
<arg>CTRL</arg>
<doc>Click the element identified by ``locator``.</doc>
<msg timestamp="20220802 23:17:48.061" level="INFO">Clicking element '//input[@value='Search']' with CTRL.</msg>
<status status="PASS" starttime="20220802 23:17:48.060" endtime="20220802 23:17:48.427"/>
</kw>
<kw name="Switch Window" library="Selenium2Library">
<arg>NEW</arg>
<doc>Switches to browser window matching ``locator``.</doc>
<status status="PASS" starttime="20220802 23:17:48.428" endtime="20220802 23:17:48.453"/>
</kw>
<kw name="Wait Until Element Is Visible" library="Selenium2Library">
<arg>${TitleName}</arg>
<doc>Waits until the element ``locator`` is visible.</doc>
<status status="PASS" starttime="20220802 23:17:48.453" endtime="20220802 23:17:50.692"/>
</kw>
<kw name="Close Window" library="Selenium2Library">
<doc>Closes currently opened and selected browser window/tab.</doc>
<status status="PASS" starttime="20220802 23:17:50.692" endtime="20220802 23:17:50.749"/>
</kw>
<kw name="Switch Window" library="Selenium2Library">
<arg>MAIN</arg>
<doc>Switches to browser window matching ``locator``.</doc>
<status status="PASS" starttime="20220802 23:17:50.750" endtime="20220802 23:17:50.762"/>
</kw>
<status status="PASS" starttime="20220802 23:17:45.909" endtime="20220802 23:17:50.762"/>
</iter>
<iter>
<var name="${category}">&lt;selenium.webdriver.remote.webelement.WebElement (session="08223fbac7edabd1a7b0d3780e13a0f1", element="e486d973-53fd-426e-9c9a-5a31c4aa3ef2")&gt;</var>
<kw name="Click Element" library="Selenium2Library">
<arg>//*[@id='gh-cat-box']</arg>
<doc>Click the element identified by ``locator``.</doc>
<msg timestamp="20220802 23:17:50.763" level="INFO">Clicking element '//*[@id='gh-cat-box']'.</msg>
<status status="PASS" starttime="20220802 23:17:50.763" endtime="20220802 23:17:50.856"/>
</kw>
<kw name="Sleep" library="BuiltIn">
<arg>1s</arg>
<doc>Pauses the test executed for the given time.</doc>
<msg timestamp="20220802 23:17:51.860" level="INFO">Slept 1 second</msg>
<status status="PASS" starttime="20220802 23:17:50.857" endtime="20220802 23:17:51.860"/>
</kw>
<kw name="Click Element" library="Selenium2Library">
<arg>${category}</arg>
<doc>Click the element identified by ``locator``.</doc>
<msg timestamp="20220802 23:17:51.861" level="INFO">Clicking element '&lt;selenium.webdriver.remote.webelement.WebElement (session="08223fbac7edabd1a7b0d3780e13a0f1", element="e486d973-53fd-426e-9c9a-5a31c4aa3ef2")&gt;'.</msg>
<status status="PASS" starttime="20220802 23:17:51.860" endtime="20220802 23:17:51.894"/>
</kw>
<kw name="Sleep" library="BuiltIn">
<arg>1s</arg>
<doc>Pauses the test executed for the given time.</doc>
<msg timestamp="20220802 23:17:52.909" level="INFO">Slept 1 second</msg>
<status status="PASS" starttime="20220802 23:17:51.894" endtime="20220802 23:17:52.909"/>
</kw>
<kw name="Click Element" library="Selenium2Library">
<arg>//input[@value='Search']</arg>
<arg>CTRL</arg>
<doc>Click the element identified by ``locator``.</doc>
<msg timestamp="20220802 23:17:52.911" level="INFO">Clicking element '//input[@value='Search']' with CTRL.</msg>
<status status="PASS" starttime="20220802 23:17:52.910" endtime="20220802 23:17:53.242"/>
</kw>
<kw name="Switch Window" library="Selenium2Library">
<arg>NEW</arg>
<doc>Switches to browser window matching ``locator``.</doc>
<status status="PASS" starttime="20220802 23:17:53.242" endtime="20220802 23:17:53.268"/>
</kw>
<kw name="Wait Until Element Is Visible" library="Selenium2Library">
<arg>${TitleName}</arg>
<doc>Waits until the element ``locator`` is visible.</doc>
<status status="PASS" starttime="20220802 23:17:53.268" endtime="20220802 23:17:55.874"/>
</kw>
<kw name="Close Window" library="Selenium2Library">
<doc>Closes currently opened and selected browser window/tab.</doc>
<status status="PASS" starttime="20220802 23:17:55.875" endtime="20220802 23:17:55.948"/>
</kw>
<kw name="Switch Window" library="Selenium2Library">
<arg>MAIN</arg>
<doc>Switches to browser window matching ``locator``.</doc>
<status status="PASS" starttime="20220802 23:17:55.948" endtime="20220802 23:17:55.964"/>
</kw>
<status status="PASS" starttime="20220802 23:17:50.762" endtime="20220802 23:17:55.964"/>
</iter>
<iter>
<var name="${category}">&lt;selenium.webdriver.remote.webelement.WebElement (session="08223fbac7edabd1a7b0d3780e13a0f1", element="5daa7cd8-bd70-4838-b22d-a3517778f472")&gt;</var>
<kw name="Click Element" library="Selenium2Library">
<arg>//*[@id='gh-cat-box']</arg>
<doc>Click the element identified by ``locator``.</doc>
<msg timestamp="20220802 23:17:55.965" level="INFO">Clicking element '//*[@id='gh-cat-box']'.</msg>
<status status="PASS" starttime="20220802 23:17:55.965" endtime="20220802 23:17:56.111"/>
</kw>
<kw name="Sleep" library="BuiltIn">
<arg>1s</arg>
<doc>Pauses the test executed for the given time.</doc>
<msg timestamp="20220802 23:17:57.121" level="INFO">Slept 1 second</msg>
<status status="PASS" starttime="20220802 23:17:56.111" endtime="20220802 23:17:57.122"/>
</kw>
<kw name="Click Element" library="Selenium2Library">
<arg>${category}</arg>
<doc>Click the element identified by ``locator``.</doc>
<msg timestamp="20220802 23:17:57.124" level="INFO">Clicking element '&lt;selenium.webdriver.remote.webelement.WebElement (session="08223fbac7edabd1a7b0d3780e13a0f1", element="5daa7cd8-bd70-4838-b22d-a3517778f472")&gt;'.</msg>
<status status="PASS" starttime="20220802 23:17:57.122" endtime="20220802 23:17:57.213"/>
</kw>
<kw name="Sleep" library="BuiltIn">
<arg>1s</arg>
<doc>Pauses the test executed for the given time.</doc>
<msg timestamp="20220802 23:17:58.218" level="INFO">Slept 1 second</msg>
<status status="PASS" starttime="20220802 23:17:57.214" endtime="20220802 23:17:58.218"/>
</kw>
<kw name="Click Element" library="Selenium2Library">
<arg>//input[@value='Search']</arg>
<arg>CTRL</arg>
<doc>Click the element identified by ``locator``.</doc>
<msg timestamp="20220802 23:17:58.220" level="INFO">Clicking element '//input[@value='Search']' with CTRL.</msg>
<status status="PASS" starttime="20220802 23:17:58.219" endtime="20220802 23:17:58.573"/>
</kw>
<kw name="Switch Window" library="Selenium2Library">
<arg>NEW</arg>
<doc>Switches to browser window matching ``locator``.</doc>
<status status="PASS" starttime="20220802 23:17:58.573" endtime="20220802 23:17:58.597"/>
</kw>
<kw name="Wait Until Element Is Visible" library="Selenium2Library">
<arg>${TitleName}</arg>
<doc>Waits until the element ``locator`` is visible.</doc>
<status status="PASS" starttime="20220802 23:17:58.598" endtime="20220802 23:18:00.796"/>
</kw>
<kw name="Close Window" library="Selenium2Library">
<doc>Closes currently opened and selected browser window/tab.</doc>
<status status="PASS" starttime="20220802 23:18:00.796" endtime="20220802 23:18:00.857"/>
</kw>
<kw name="Switch Window" library="Selenium2Library">
<arg>MAIN</arg>
<doc>Switches to browser window matching ``locator``.</doc>
<status status="PASS" starttime="20220802 23:18:00.858" endtime="20220802 23:18:00.873"/>
</kw>
<status status="PASS" starttime="20220802 23:17:55.965" endtime="20220802 23:18:00.873"/>
</iter>
<iter>
<var name="${category}">&lt;selenium.webdriver.remote.webelement.WebElement (session="08223fbac7edabd1a7b0d3780e13a0f1", element="71f589a4-7367-4bf8-a772-bd8770772b41")&gt;</var>
<kw name="Click Element" library="Selenium2Library">
<arg>//*[@id='gh-cat-box']</arg>
<doc>Click the element identified by ``locator``.</doc>
<msg timestamp="20220802 23:18:00.874" level="INFO">Clicking element '//*[@id='gh-cat-box']'.</msg>
<status status="PASS" starttime="20220802 23:18:00.873" endtime="20220802 23:18:00.961"/>
</kw>
<kw name="Sleep" library="BuiltIn">
<arg>1s</arg>
<doc>Pauses the test executed for the given time.</doc>
<msg timestamp="20220802 23:18:01.973" level="INFO">Slept 1 second</msg>
<status status="PASS" starttime="20220802 23:18:00.962" endtime="20220802 23:18:01.973"/>
</kw>
<kw name="Click Element" library="Selenium2Library">
<arg>${category}</arg>
<doc>Click the element identified by ``locator``.</doc>
<msg timestamp="20220802 23:18:01.975" level="INFO">Clicking element '&lt;selenium.webdriver.remote.webelement.WebElement (session="08223fbac7edabd1a7b0d3780e13a0f1", element="71f589a4-7367-4bf8-a772-bd8770772b41")&gt;'.</msg>
<status status="PASS" starttime="20220802 23:18:01.974" endtime="20220802 23:18:02.038"/>
</kw>
<kw name="Sleep" library="BuiltIn">
<arg>1s</arg>
<doc>Pauses the test executed for the given time.</doc>
<msg timestamp="20220802 23:18:03.040" level="INFO">Slept 1 second</msg>
<status status="PASS" starttime="20220802 23:18:02.038" endtime="20220802 23:18:03.040"/>
</kw>
<kw name="Click Element" library="Selenium2Library">
<arg>//input[@value='Search']</arg>
<arg>CTRL</arg>
<doc>Click the element identified by ``locator``.</doc>
<msg timestamp="20220802 23:18:03.042" level="INFO">Clicking element '//input[@value='Search']' with CTRL.</msg>
<status status="PASS" starttime="20220802 23:18:03.041" endtime="20220802 23:18:03.392"/>
</kw>
<kw name="Switch Window" library="Selenium2Library">
<arg>NEW</arg>
<doc>Switches to browser window matching ``locator``.</doc>
<status status="PASS" starttime="20220802 23:18:03.392" endtime="20220802 23:18:03.416"/>
</kw>
<kw name="Wait Until Element Is Visible" library="Selenium2Library">
<arg>${TitleName}</arg>
<doc>Waits until the element ``locator`` is visible.</doc>
<status status="PASS" starttime="20220802 23:18:03.417" endtime="20220802 23:18:06.393"/>
</kw>
<kw name="Close Window" library="Selenium2Library">
<doc>Closes currently opened and selected browser window/tab.</doc>
<status status="PASS" starttime="20220802 23:18:06.393" endtime="20220802 23:18:06.468"/>
</kw>
<kw name="Switch Window" library="Selenium2Library">
<arg>MAIN</arg>
<doc>Switches to browser window matching ``locator``.</doc>
<status status="PASS" starttime="20220802 23:18:06.468" endtime="20220802 23:18:06.478"/>
</kw>
<status status="PASS" starttime="20220802 23:18:00.873" endtime="20220802 23:18:06.478"/>
</iter>
<status status="PASS" starttime="20220802 23:15:01.007" endtime="20220802 23:18:06.478"/>
</for>
<status status="PASS" starttime="20220802 23:15:00.942" endtime="20220802 23:18:06.478"/>
</kw>
<kw name="Close All Browsers" library="Selenium2Library" type="TEARDOWN">
<doc>Closes all open browsers and resets the browser cache.</doc>
<status status="PASS" starttime="20220802 23:18:06.484" endtime="20220802 23:18:09.334"/>
</kw>
<tag>test7</tag>
<status status="PASS" starttime="20220802 23:14:55.658" endtime="20220802 23:18:09.336"/>
</test>
<status status="PASS" starttime="20220802 23:14:55.354" endtime="20220802 23:18:09.340"/>
</suite>
<statistics>
<total>
<stat pass="1" fail="0" skip="0">All Tests</stat>
</total>
<tag>
<stat pass="1" fail="0" skip="0">test7</stat>
</tag>
<suite>
<stat pass="1" fail="0" skip="0" id="s1" name="CheckSearchPage">CheckSearchPage</stat>
</suite>
</statistics>
<errors>
</errors>
</robot>
