<?xml version="1.0" encoding="UTF-8"?>
<robot generator="Robot 5.0.1 (Python 3.10.5 on win32)" generated="20220803 08:31:06.902" rpa="false" schemaversion="3">
<suite id="s1" name="CheckSearchPage" source="C:\Users\84329\Documents\GitHub\Ebay-Auto-Test\Projects\Tests\SearchPage\CheckSearchPage.robot">
<test id="s1-t1" name="Successfully Search Item And Add To The Cart" line="44">
<kw name="Open Ebay Home Page" library="keywords" type="SETUP">
<kw name="Open Browser" library="Selenium2Library">
<arg>${URL}</arg>
<arg>Chrome</arg>
<arg>options=add_argument("--disable-site-isolation-trials")</arg>
<doc>Opens a new browser instance to the optional ``url``.</doc>
<msg timestamp="20220803 08:31:07.190" level="INFO">Opening browser 'Chrome' to base url 'https://www.ebay.com/'.</msg>
<status status="PASS" starttime="20220803 08:31:07.189" endtime="20220803 08:31:10.788"/>
</kw>
<kw name="Sleep" library="BuiltIn">
<arg>1s</arg>
<doc>Pauses the test executed for the given time.</doc>
<msg timestamp="20220803 08:31:11.804" level="INFO">Slept 1 second</msg>
<status status="PASS" starttime="20220803 08:31:10.788" endtime="20220803 08:31:11.804"/>
</kw>
<kw name="Maximize Browser Window" library="Selenium2Library">
<doc>Maximizes current browser window.</doc>
<status status="PASS" starttime="20220803 08:31:11.805" endtime="20220803 08:31:12.730"/>
</kw>
<status status="PASS" starttime="20220803 08:31:07.188" endtime="20220803 08:31:12.730"/>
</kw>
<kw name="Search For" library="keywords">
<arg>Sneaker</arg>
<kw name="Input Text" library="Selenium2Library">
<arg>${InputText}</arg>
<arg>${searchText}</arg>
<doc>Types the given ``text`` into the text field identified by ``locator``.</doc>
<msg timestamp="20220803 08:31:12.738" level="INFO">Typing text 'Sneaker' into text field '//input[@class='gh-tb ui-autocomplete-input']'.</msg>
<status status="PASS" starttime="20220803 08:31:12.734" endtime="20220803 08:31:12.965"/>
</kw>
<kw name="Press Keys" library="Selenium2Library">
<arg>NONE</arg>
<arg>RETURN</arg>
<doc>Simulates the user pressing key(s) to an element or on the active browser.</doc>
<msg timestamp="20220803 08:31:12.966" level="INFO">Sending key(s) ('RETURN',) to page.</msg>
<msg timestamp="20220803 08:31:12.966" level="INFO">Pressing special key RETURN to browser.</msg>
<msg timestamp="20220803 08:31:12.966" level="INFO">Releasing special key RETURN.</msg>
<status status="PASS" starttime="20220803 08:31:12.965" endtime="20220803 08:31:15.971"/>
</kw>
<kw name="Sleep" library="BuiltIn">
<arg>1s</arg>
<doc>Pauses the test executed for the given time.</doc>
<msg timestamp="20220803 08:31:16.985" level="INFO">Slept 1 second</msg>
<status status="PASS" starttime="20220803 08:31:15.972" endtime="20220803 08:31:16.985"/>
</kw>
<status status="PASS" starttime="20220803 08:31:12.733" endtime="20220803 08:31:16.985"/>
</kw>
<kw name="Choose &quot;Women&quot; As Gender" library="keywords" sourcename="Choose &quot;${gender}&quot; As Gender">
<kw name="Click Element" library="Selenium2Library">
<arg>//span[text()='${gender}']</arg>
<doc>Click the element identified by ``locator``.</doc>
<msg timestamp="20220803 08:31:16.987" level="INFO">Clicking element '//span[text()='Women']'.</msg>
<status status="PASS" starttime="20220803 08:31:16.987" endtime="20220803 08:31:18.992"/>
</kw>
<kw name="Sleep" library="BuiltIn">
<arg>2s</arg>
<doc>Pauses the test executed for the given time.</doc>
<msg timestamp="20220803 08:31:21.003" level="INFO">Slept 2 seconds</msg>
<status status="PASS" starttime="20220803 08:31:18.992" endtime="20220803 08:31:21.003"/>
</kw>
<status status="PASS" starttime="20220803 08:31:16.986" endtime="20220803 08:31:21.003"/>
</kw>
<kw name="Choose &quot;New with tags&quot; As Condition Of Item" library="keywords" sourcename="Choose &quot;${conditionType}&quot; As Condition Of Item">
<kw name="Wait Until Page Contains Element" library="Selenium2Library">
<arg>${ConditionBtn}</arg>
<doc>Waits until the element ``locator`` appears on the current page.</doc>
<status status="PASS" starttime="20220803 08:31:21.006" endtime="20220803 08:31:21.057"/>
</kw>
<kw name="Click Element" library="Selenium2Library">
<arg>${ConditionBtn}</arg>
<doc>Click the element identified by ``locator``.</doc>
<msg timestamp="20220803 08:31:21.059" level="INFO">Clicking element '//span[@class= 'filter-menu-button__button-text' and text()='Condition']'.</msg>
<status status="PASS" starttime="20220803 08:31:21.058" endtime="20220803 08:31:21.137"/>
</kw>
<kw name="Wait Until Page Contains Element" library="Selenium2Library">
<arg>//span[@class= 'filter-menu-button__text' and text()='${conditionType}']</arg>
<doc>Waits until the element ``locator`` appears on the current page.</doc>
<status status="PASS" starttime="20220803 08:31:21.137" endtime="20220803 08:31:21.155"/>
</kw>
<kw name="Click Element" library="Selenium2Library">
<arg>//span[@class= 'filter-menu-button__text' and text()='${conditionType}']</arg>
<doc>Click the element identified by ``locator``.</doc>
<msg timestamp="20220803 08:31:21.156" level="INFO">Clicking element '//span[@class= 'filter-menu-button__text' and text()='New with tags']'.</msg>
<status status="PASS" starttime="20220803 08:31:21.155" endtime="20220803 08:31:23.108"/>
</kw>
<kw name="Sleep" library="BuiltIn">
<arg>2s</arg>
<doc>Pauses the test executed for the given time.</doc>
<msg timestamp="20220803 08:31:25.111" level="INFO">Slept 2 seconds</msg>
<status status="PASS" starttime="20220803 08:31:23.108" endtime="20220803 08:31:25.111"/>
</kw>
<status status="PASS" starttime="20220803 08:31:21.005" endtime="20220803 08:31:25.111"/>
</kw>
<kw name="Choose &quot;Price + Shipping: highest first&quot; As Filter Price" library="keywords" sourcename="Choose &quot;${price}&quot; As Filter Price">
<kw name="Click Element" library="Selenium2Library">
<arg>${BestMatchBtn}</arg>
<doc>Click the element identified by ``locator``.</doc>
<msg timestamp="20220803 08:31:25.117" level="INFO">Clicking element '//span[text()='Best Match']'.</msg>
<status status="PASS" starttime="20220803 08:31:25.115" endtime="20220803 08:31:25.326"/>
</kw>
<kw name="Wait Until Page Contains Element" library="Selenium2Library">
<arg>//a[@class='fake-menu-button__item']/span[text()='${price}']</arg>
<doc>Waits until the element ``locator`` appears on the current page.</doc>
<status status="PASS" starttime="20220803 08:31:25.327" endtime="20220803 08:31:25.522"/>
</kw>
<kw name="Click Element" library="Selenium2Library">
<arg>//a[@class='fake-menu-button__item']/span[text()='${price}']</arg>
<doc>Click the element identified by ``locator``.</doc>
<msg timestamp="20220803 08:31:25.523" level="INFO">Clicking element '//a[@class='fake-menu-button__item']/span[text()='Price + Shipping: highest first']'.</msg>
<status status="PASS" starttime="20220803 08:31:25.522" endtime="20220803 08:31:27.537"/>
</kw>
<kw name="Sleep" library="BuiltIn">
<arg>1s</arg>
<doc>Pauses the test executed for the given time.</doc>
<msg timestamp="20220803 08:31:28.543" level="INFO">Slept 1 second</msg>
<status status="PASS" starttime="20220803 08:31:27.537" endtime="20220803 08:31:28.543"/>
</kw>
<status status="PASS" starttime="20220803 08:31:25.114" endtime="20220803 08:31:28.543"/>
</kw>
<kw name="View First Item In New Window" library="keywords">
<kw name="Click Element" library="Selenium2Library">
<arg>${PriceSneaker}</arg>
<doc>Click the element identified by ``locator``.</doc>
<msg timestamp="20220803 08:31:28.545" level="INFO">Clicking element '(//ul[@class='srp-results srp-grid clearfix']//div[@class='s-item__image'])[1]//img[@class='s-item__image-img']'.</msg>
<status status="PASS" starttime="20220803 08:31:28.544" endtime="20220803 08:31:28.921"/>
</kw>
<kw name="Switch Window" library="Selenium2Library">
<arg>NEW</arg>
<doc>Switches to browser window matching ``locator``.</doc>
<status status="PASS" starttime="20220803 08:31:28.921" endtime="20220803 08:31:28.940"/>
</kw>
<kw name="Sleep" library="BuiltIn">
<arg>1s</arg>
<doc>Pauses the test executed for the given time.</doc>
<msg timestamp="20220803 08:31:29.942" level="INFO">Slept 1 second</msg>
<status status="PASS" starttime="20220803 08:31:28.940" endtime="20220803 08:31:29.942"/>
</kw>
<status status="PASS" starttime="20220803 08:31:28.544" endtime="20220803 08:31:29.942"/>
</kw>
<kw name="Add Item To The Cart" library="keywords">
<kw name="Wait Until Page Contains Element" library="Selenium2Library">
<arg>${AddToCart}</arg>
<doc>Waits until the element ``locator`` appears on the current page.</doc>
<status status="PASS" starttime="20220803 08:31:29.944" endtime="20220803 08:31:31.503"/>
</kw>
<kw name="Click Element" library="Selenium2Library">
<arg>${AddToCart}</arg>
<doc>Click the element identified by ``locator``.</doc>
<msg timestamp="20220803 08:31:31.503" level="INFO">Clicking element '//*[@class='u-cb  ']/span[not(starts-with(@style,'display:'))]/a'.</msg>
<status status="PASS" starttime="20220803 08:31:31.503" endtime="20220803 08:31:34.351"/>
</kw>
<kw name="Sleep" library="BuiltIn">
<arg>1s</arg>
<doc>Pauses the test executed for the given time.</doc>
<msg timestamp="20220803 08:31:35.361" level="INFO">Slept 1 second</msg>
<status status="PASS" starttime="20220803 08:31:34.352" endtime="20220803 08:31:35.361"/>
</kw>
<status status="PASS" starttime="20220803 08:31:29.943" endtime="20220803 08:31:35.362"/>
</kw>
<kw name="Close All Browsers" library="Selenium2Library" type="TEARDOWN">
<doc>Closes all open browsers and resets the browser cache.</doc>
<status status="PASS" starttime="20220803 08:31:35.364" endtime="20220803 08:31:38.128"/>
</kw>
<tag>test8</tag>
<status status="PASS" starttime="20220803 08:31:07.187" endtime="20220803 08:31:38.129"/>
</test>
<status status="PASS" starttime="20220803 08:31:06.904" endtime="20220803 08:31:38.136"/>
</suite>
<statistics>
<total>
<stat pass="1" fail="0" skip="0">All Tests</stat>
</total>
<tag>
<stat pass="1" fail="0" skip="0">test8</stat>
</tag>
<suite>
<stat pass="1" fail="0" skip="0" id="s1" name="CheckSearchPage">CheckSearchPage</stat>
</suite>
</statistics>
<errors>
</errors>
</robot>
